#
# A fatal error has been detected by the Java Runtime Environment:
#
#  EXCEPTION_ACCESS_VIOLATION (0xc0000005) at pc=0x00007ff88fc38a26, pid=20040, tid=16020
#
# JRE version: OpenJDK Runtime Environment 18.9 (11.0.11+9) (build 11.0.11+9)
# Java VM: OpenJDK 64-Bit Server VM 18.9 (11.0.11+9, mixed mode, tiered, compressed oops, g1 gc, windows-amd64)
# Problematic frame:
# C  [MSVCP140.dll+0x38a26]
#
# No core dump will be written. Minidumps are not enabled by default on client versions of Windows
#
# If you would like to submit a bug report, please visit:
#   https://bugreport.java.com/bugreport/crash.jsp
# The crash happened outside the Java Virtual Machine in native code.
# See problematic frame for where to report the bug.
#

---------------  S U M M A R Y ------------

Command Line: -Dsun.java2d.pmoffscreen=false -Dhttps.protocols=TLSv1,TLSv1.1,TLSv1.2 -Dsun.java2d.xrender=false -Dsun.java2d.d3d=false -Dsun.awt.nopixfmt=true -Dsun.java2d.dpiaware=true -Dsun.java2d.uiScale.enabled=false -Xverify:none -Dswing.aatext=true -XX:-UsePerfData -Djdk.map.althashing.threshold=512 -XX:StringTableSize=4072 --add-opens=java.base/java.nio=ALL-UNNAMED --add-opens=java.desktop/sun.swing=ALL-UNNAMED --add-opens=java.desktop/javax.swing=ALL-UNNAMED --add-opens=java.desktop/javax.swing.tree=ALL-UNNAMED --add-opens=java.desktop/javax.swing.plaf.basic=ALL-UNNAMED --add-opens=java.desktop/javax.swing.plaf.synth=ALL-UNNAMED --add-opens=java.desktop/com.sun.awt=ALL-UNNAMED -XX:NewSize=60m -XX:MaxNewSize=60m -Xms256m -Xmx3072m -Xss5m 

Host: Intel(R) Core(TM) i5-8300H CPU @ 2.30GHz, 8 cores, 15G,  Windows 10 , 64 bit Build 19041 (10.0.19041.1806)
Time: Tue Feb 14 13:07:52 2023 GMT 标准时间 elapsed time: 10642.637366 seconds (0d 2h 57m 22s)

---------------  T H R E A D  ---------------

Current thread (0x000001d92a210800):  JavaThread "AWT-EventQueue-0" [_thread_in_native, id=16020, stack(0x000000697d900000,0x000000697de00000)]

Stack: [0x000000697d900000,0x000000697de00000],  sp=0x000000697ddfbc20,  free space=5103k
Native frames: (J=compiled Java code, j=interpreted, Vv=VM code, C=native code)
C  [MSVCP140.dll+0x38a26]
C  [MSVCP140.dll+0x70d7]
C  [MSVCP140.dll+0x845b]
C  [librdi_common.dll+0x1415f7]
C  [librdi_common.dll+0x1414fd]
C  0x00007fffec44bf79
C  0x000001d90d1ff377

Java frames: (J=compiled Java code, j=interpreted, Vv=VM code)
j  ui.data.labtools.lthwdatai.HWDevice_getName(J)Ljava/lang/String;+0
j  ui.data.labtools.e.boP()Ljava/lang/String;+4
j  ui.data.labtools.e.getName()Ljava/lang/String;+1
j  ui.views.cP.hIo()V+55
J 17816 c1 ui.views.cP.b(Lui/frmwork/a/a;)V (104 bytes) @ 0x000001d90eb5ad04 [0x000001d90eb5a840+0x00000000000004c4]
J 27876 c1 ui.views.ar.b(Lui/frmwork/a/a;)V (655 bytes) @ 0x000001d910a733d4 [0x000001d910a73340+0x0000000000000094]
J 20931 c2 ui.frmwork.a.c.m(Lui/frmwork/a/a;)V (94 bytes) @ 0x000001d915fbf2cc [0x000001d915fbefe0+0x00000000000002ec]
J 17812 c1 ui.frmwork.a.c.a(Lui/frmwork/a/a;)V (60 bytes) @ 0x000001d90eb0cebc [0x000001d90eb0cae0+0x00000000000003dc]
J 22606 c1 ui.data.bt.N(Ljava/lang/Object;Ljava/lang/Object;)V (60 bytes) @ 0x000001d90fd62a74 [0x000001d90fd62380+0x00000000000006f4]
j  ui.data.bt.b(Ljava/util/Iterator;Ljava/lang/Object;)V+131
j  ui.views.o.g.jWQ()V+156
J 24674 c2 ui.views.o.g.b(Lui/frmwork/a/a;)V (629 bytes) @ 0x000001d9164f6fec [0x000001d9164f6ce0+0x000000000000030c]
J 20931 c2 ui.frmwork.a.c.m(Lui/frmwork/a/a;)V (94 bytes) @ 0x000001d915fbf2cc [0x000001d915fbefe0+0x00000000000002ec]
J 17812 c1 ui.frmwork.a.c.a(Lui/frmwork/a/a;)V (60 bytes) @ 0x000001d90eb0cebc [0x000001d90eb0cae0+0x00000000000003dc]
J 18168 c1 ui.project.r.a(Lui/frmwork/a/a;)V (9 bytes) @ 0x000001d90e04fdec [0x000001d90e04f760+0x000000000000068c]
j  ui.views.o.L.K(Lui/data/design/D;)V+56
j  ui.data.design.p.c(Lui/data/design/D;)V+100
j  ui.data.design.p.handleTclEvent(Lui/frmwork/a/l;)V+623
J 23519 c1 ui.frmwork.a.o.c(Lui/frmwork/a/l;)V (61 bytes) @ 0x000001d90f1e578c [0x000001d90f1e4de0+0x00000000000009ac]
J 21006 c1 ui.frmwork.E.i(JZ)V (471 bytes) @ 0x000001d9102f29ac [0x000001d9102ee5c0+0x00000000000043ec]
J 24681 c1 ui.frmwork.E$$Lambda$202.run()V (12 bytes) @ 0x000001d90e6ae35c [0x000001d90e6ae280+0x00000000000000dc]
J 15126 c2 java.awt.EventQueue$4.run()Ljava/lang/Object; java.desktop@11.0.11 (5 bytes) @ 0x000001d915853e58 [0x000001d915853c00+0x0000000000000258]
v  ~StubRoutines::call_stub
J 3526  java.security.AccessController.doPrivileged(Ljava/security/PrivilegedAction;Ljava/security/AccessControlContext;)Ljava/lang/Object; java.base@11.0.11 (0 bytes) @ 0x000001d914e88136 [0x000001d914e880c0+0x0000000000000076]
J 15095 c2 java.awt.EventQueue.dispatchEvent(Ljava/awt/AWTEvent;)V java.desktop@11.0.11 (80 bytes) @ 0x000001d9158405d8 [0x000001d915840040+0x0000000000000598]
J 15096 c2 ui.frmwork.a.d.dispatchEvent(Ljava/awt/AWTEvent;)V (42 bytes) @ 0x000001d9158410c8 [0x000001d915840fe0+0x00000000000000e8]
J 16229 c2 java.awt.EventDispatchThread.pumpOneEventForFilters(I)V java.desktop@11.0.11 (113 bytes) @ 0x000001d9152b6018 [0x000001d9152b5b80+0x0000000000000498]
J 22159% c2 java.awt.EventDispatchThread.pumpEventsForFilter(ILjava/awt/Conditional;Ljava/awt/EventFilter;)V java.desktop@11.0.11 (47 bytes) @ 0x000001d915b660fc [0x000001d915b65fe0+0x000000000000011c]
j  java.awt.EventDispatchThread.pumpEventsForHierarchy(ILjava/awt/Conditional;Ljava/awt/Component;)V+11 java.desktop@11.0.11
j  java.awt.EventDispatchThread.pumpEvents(ILjava/awt/Conditional;)V+4 java.desktop@11.0.11
j  java.awt.EventDispatchThread.pumpEvents(Ljava/awt/Conditional;)V+3 java.desktop@11.0.11
j  java.awt.EventDispatchThread.run()V+9 java.desktop@11.0.11
v  ~StubRoutines::call_stub

siginfo: EXCEPTION_ACCESS_VIOLATION (0xc0000005), reading address 0xffffffffffffffff


Register to memory mapping:

RIP=0x00007ff88fc38a26 MSVCP140.dll
RAX=0x000001d900dd7370 points into unknown readable memory: 0x00000002000003a8 | a8 03 00 00 02 00 00 00
RBX=0x000000697ddfbd58 is pointing into the stack for thread: 0x000001d92a210800
RCX=0x000001da07dbd040 points into unknown readable memory: 0x0000000000000000 | 00 00 00 00 00 00 00 00
RDX=0x5f743522d021f921 is an unknown value
RSP=0x000000697ddfbc20 is pointing into the stack for thread: 0x000001d92a210800
RBP=0x000001d900dd7360 points into unknown readable memory: 0x00007ff88fc58a30 | 30 8a c5 8f f8 7f 00 00
RSI=0x0 is NULL
RDI=0x0000000022c021f0 is an unknown value
R8 =0x0000000022c021f0 is an unknown value
R9 =0x000001da07dbd040 points into unknown readable memory: 0x0000000000000000 | 00 00 00 00 00 00 00 00
R10=0x000001da07dbd040 points into unknown readable memory: 0x0000000000000000 | 00 00 00 00 00 00 00 00
R11=0x5f743522d021f921 is an unknown value
R12=0x0 is NULL
R13={method} {0x000001d9455a5908} 'HWDevice_getName' '(J)Ljava/lang/String;' in 'ui/data/labtools/lthwdatai'
R14=0x0000000000000001 is an unknown value
R15=0x000001d900dd7360 points into unknown readable memory: 0x00007ff88fc58a30 | 30 8a c5 8f f8 7f 00 00


Registers:
RAX=0x000001d900dd7370, RBX=0x000000697ddfbd58, RCX=0x000001da07dbd040, RDX=0x5f743522d021f921
RSP=0x000000697ddfbc20, RBP=0x000001d900dd7360, RSI=0x0000000000000000, RDI=0x0000000022c021f0
R8 =0x0000000022c021f0, R9 =0x000001da07dbd040, R10=0x000001da07dbd040, R11=0x5f743522d021f921
R12=0x0000000000000000, R13=0x000001d9455a5900, R14=0x0000000000000001, R15=0x000001d900dd7360
RIP=0x00007ff88fc38a26, EFLAGS=0x0000000000010206

Top of Stack: (sp=0x000000697ddfbc20)
0x000000697ddfbc20:   0000000000000000 0000000700000001
0x000000697ddfbc30:   0000000000000000 0000000000000000
0x000000697ddfbc40:   00000000458043f0 00000000458043e0
0x000000697ddfbc50:   000000697ddfbd50 00007ff88fc070d7
0x000000697ddfbc60:   000000697ddfbd58 5f743522f2e21b11
0x000000697ddfbc70:   000001d956880000 0000000100000002
0x000000697ddfbc80:   000001d900dd7370 0000000045805000
0x000000697ddfbc90:   000001da4d5c1420 0000000022c021f0
0x000000697ddfbca0:   000001da07dbd040 00007ff88fc0845b
0x000000697ddfbcb0:   000000697ddfc0f0 5f743522f2e21b11
0x000000697ddfbcc0:   0000000000000000 0000000000000000
0x000000697ddfbcd0:   000000697ddfbd58 000001da07dbd040
0x000000697ddfbce0:   000001da4d5c1420 000000697ddfbd50
0x000000697ddfbcf0:   000000074233dd60 0000009d00000001
0x000000697ddfbd00:   0000022f00000000 00007ff82e7715f7
0x000000697ddfbd10:   000000074233e0b0 0000000200000000 

Instructions: (pc=0x00007ff88fc38a26)
0x00007ff88fc38926:   c8 f2 0f 59 ce f2 0f 58 4d 10 eb 33 f2 0f 10 05
0x00007ff88fc38936:   2e 2c 02 00 48 8d 4d 10 41 83 c8 ff 66 0f 2f c1
0x00007ff88fc38946:   76 23 0f 28 ca e8 30 8c ff ff f2 0f 10 4d 10 f2
0x00007ff88fc38956:   0f 10 05 b3 25 02 00 f2 0f 5e c1 f2 0f 5c c8 f2
0x00007ff88fc38966:   0f 59 cf eb 2a 0f 28 cf e8 0d 8c ff ff 0f bf c8
0x00007ff88fc38976:   85 c9 74 0c 83 f9 01 75 11 b9 08 00 00 00 eb 05
0x00007ff88fc38986:   b9 10 00 00 00 e8 b0 7c ff ff f2 0f 10 4d 10 66
0x00007ff88fc38996:   85 db 74 07 0f 57 0d 5f 25 02 00 0f 28 c1 eb 3a
0x00007ff88fc389a6:   f2 0f 10 45 10 eb 33 66 0f 2e 3d cb 25 02 00 7a
0x00007ff88fc389b6:   16 75 14 b8 00 80 00 00 66 85 45 16 74 0e 0f 57
0x00007ff88fc389c6:   3d 35 25 02 00 eb 05 f2 0f 10 7d 10 0f 28 c7 eb
0x00007ff88fc389d6:   09 f2 0f 10 45 10 f2 0f 59 c7 48 8b 5c 24 58 48
0x00007ff88fc389e6:   8b 7c 24 60 0f 28 74 24 30 0f 28 7c 24 20 48 83
0x00007ff88fc389f6:   c4 40 5d c3 cc cc cc cc cc cc 48 89 5c 24 08 48
0x00007ff88fc38a06:   89 74 24 10 57 48 83 ec 30 33 f6 49 8b f8 4c 8b
0x00007ff88fc38a16:   da 4c 8b c9 4d 85 c0 75 07 33 c0 e9 64 01 00 00
0x00007ff88fc38a26:   40 38 32 75 05 66 89 31 eb ef 4c 8b 54 24 60 41
0x00007ff88fc38a36:   39 72 08 0f 85 3f 01 00 00 41 8b 4a 04 83 e9 01
0x00007ff88fc38a46:   0f 84 fa 00 00 00 83 e9 01 0f 84 93 00 00 00 bb
0x00007ff88fc38a56:   02 00 00 00 3b cb 0f 85 e4 00 00 00 40 38 32 0f
0x00007ff88fc38a66:   8d 13 01 00 00 8a 02 24 e0 3c c0 75 0d 0f b6 12
0x00007ff88fc38a76:   bb 01 00 00 00 83 e2 1f eb 12 8a 02 24 f0 3c e0
0x00007ff88fc38a86:   0f 85 e1 00 00 00 0f b6 12 83 e2 0f 41 b8 01 00
0x00007ff88fc38a96:   00 00 49 ff c3 49 63 c0 48 3b c7 73 67 41 8a 03
0x00007ff88fc38aa6:   24 c0 3c 80 0f 85 bd 00 00 00 41 0f b6 0b 8b c2
0x00007ff88fc38ab6:   83 e1 3f c1 e0 06 8b d1 41 ff c0 0b d0 49 ff c3
0x00007ff88fc38ac6:   83 eb 01 75 d0 8d 82 00 28 ff ff 3d ff 07 00 00
0x00007ff88fc38ad6:   0f 86 91 00 00 00 66 41 89 11 41 8b c0 e9 a2 00
0x00007ff88fc38ae6:   00 00 0f b6 0a ba 01 00 00 00 41 0f b6 03 83 e1
0x00007ff88fc38af6:   07 48 c1 e8 03 d3 e2 42 84 54 10 0c 74 14 48 83
0x00007ff88fc38b06:   ff 01 75 07 b8 fe ff ff ff eb 79 bb 02 00 00 00
0x00007ff88fc38b16:   eb 05 bb 01 00 00 00 41 8b 0a 4d 8b c3 c7 44 24 


Stack slot to memory mapping:
stack at sp + 0 slots: 0x0 is NULL
stack at sp + 1 slots: 0x0000000700000001 is an unknown value
stack at sp + 2 slots: 0x0 is NULL
stack at sp + 3 slots: 0x0 is NULL
stack at sp + 4 slots: 0x00000000458043f0 is an unknown value
stack at sp + 5 slots: 0x00000000458043e0 is an unknown value
stack at sp + 6 slots: 0x000000697ddfbd50 is pointing into the stack for thread: 0x000001d92a210800
stack at sp + 7 slots: 0x00007ff88fc070d7 MSVCP140.dll


---------------  P R O C E S S  ---------------

Threads class SMR info:
_java_thread_list=0x000001d9fd38f350, length=42, elements={
0x000001d956889800, 0x000001d9014c2800, 0x000001d90403b800, 0x000001d901f9d800,
0x000001d902d19800, 0x000001d902d1e800, 0x000001d902d21800, 0x000001d902d28000,
0x000001d902d30000, 0x000001d902f8f000, 0x000001d92b582800, 0x000001d92b440800,
0x000001d92b533800, 0x000001d929e6a000, 0x000001d92a210800, 0x000001d9278af800,
0x000001d902d2a800, 0x000001d902d2b800, 0x000001d902d2c000, 0x000001d92d807000,
0x000001d92d80c000, 0x000001d92d80a800, 0x000001d92d806800, 0x000001d92d809800,
0x000001d92d808000, 0x000001d92d805800, 0x000001d92d80e000, 0x000001d92d809000,
0x000001d92d813800, 0x000001d92d814800, 0x000001d902d26800, 0x000001d902d29000,
0x000001d92d80e800, 0x000001d940217800, 0x000001d94021a000, 0x000001d94021e000,
0x000001d940218800, 0x000001d92d811000, 0x000001d94021d800, 0x000001d9429a9000,
0x000001d9bccd6800, 0x000001d9bccd4800
}

Java Threads: ( => current thread )
  0x000001d956889800 JavaThread "main" [_thread_blocked, id=10740, stack(0x0000006978b00000,0x0000006978c00000)]
  0x000001d9014c2800 JavaThread "Reference Handler" daemon [_thread_blocked, id=22392, stack(0x0000006979200000,0x0000006979700000)]
  0x000001d90403b800 JavaThread "Finalizer" daemon [_thread_blocked, id=11992, stack(0x0000006979700000,0x0000006979c00000)]
  0x000001d901f9d800 JavaThread "Signal Dispatcher" daemon [_thread_blocked, id=21784, stack(0x0000006979c00000,0x000000697a100000)]
  0x000001d902d19800 JavaThread "Attach Listener" daemon [_thread_blocked, id=7932, stack(0x000000697a100000,0x000000697a600000)]
  0x000001d902d1e800 JavaThread "Service Thread" daemon [_thread_blocked, id=21404, stack(0x000000697a600000,0x000000697ab00000)]
  0x000001d902d21800 JavaThread "C2 CompilerThread0" daemon [_thread_blocked, id=1696, stack(0x000000697ab00000,0x000000697ac00000)]
  0x000001d902d28000 JavaThread "C1 CompilerThread0" daemon [_thread_blocked, id=19096, stack(0x000000697ac00000,0x000000697ad00000)]
  0x000001d902d30000 JavaThread "Sweeper thread" daemon [_thread_blocked, id=19560, stack(0x000000697ad00000,0x000000697b200000)]
  0x000001d902f8f000 JavaThread "Common-Cleaner" daemon [_thread_blocked, id=1036, stack(0x000000697b200000,0x000000697b700000)]
  0x000001d92b582800 JavaThread "Java2D Disposer" daemon [_thread_blocked, id=9264, stack(0x000000697b900000,0x000000697be00000)]
  0x000001d92b440800 JavaThread "AWT-Shutdown" [_thread_blocked, id=5860, stack(0x000000697be00000,0x000000697c300000)]
  0x000001d92b533800 JavaThread "AWT-Windows" daemon [_thread_in_native, id=18680, stack(0x000000697c300000,0x000000697c800000)]
  0x000001d929e6a000 JavaThread "TimerQueue" daemon [_thread_blocked, id=9912, stack(0x000000697cf00000,0x000000697d400000)]
=>0x000001d92a210800 JavaThread "AWT-EventQueue-0" [_thread_in_native, id=16020, stack(0x000000697d900000,0x000000697de00000)]
  0x000001d9278af800 JavaThread "Thread-1" [_thread_in_native, id=12192, stack(0x0000006977400000,0x0000006978800000)]
  0x000001d902d2a800 JavaThread "Process Messages Thread" [_thread_blocked, id=13236, stack(0x000000697e600000,0x000000697eb00000)]
  0x000001d902d2b800 JavaThread "Batik CleanerThread" daemon [_thread_blocked, id=21024, stack(0x000000697de00000,0x000000697e300000)]
  0x000001d902d2c000 JavaThread "SyntheticaCleanerThread" daemon [_thread_blocked, id=22168, stack(0x000000697f000000,0x000000697f500000)]
  0x000001d92d807000 JavaThread "Monitor HEventQueue Thread" [_thread_blocked, id=17180, stack(0x0000006900000000,0x0000006900500000)]
  0x000001d92d80c000 JavaThread "SyntheticaAnimation 50" daemon [_thread_blocked, id=8592, stack(0x0000006900500000,0x0000006900a00000)]
  0x000001d92d80a800 JavaThread "SyntheticaAnimation 25" daemon [_thread_blocked, id=22252, stack(0x0000006900a00000,0x0000006900f00000)]
  0x000001d92d806800 JavaThread "SyntheticaAnimation 70" daemon [_thread_blocked, id=21756, stack(0x0000006901400000,0x0000006901900000)]
  0x000001d92d809800 JavaThread "Refresh Filesets Swing Worker Thread" [_thread_blocked, id=21360, stack(0x000000697eb00000,0x000000697f000000)]
  0x000001d92d808000 JavaThread "Thread-17" [_thread_blocked, id=14508, stack(0x0000006901900000,0x0000006901e00000)]
  0x000001d92d805800 JavaThread "OutputGobbler" daemon [_thread_in_native, id=7968, stack(0x0000006901e00000,0x0000006902300000)]
  0x000001d92d80e000 JavaThread "ErrorGobbler" daemon [_thread_in_native, id=19532, stack(0x0000006902300000,0x0000006902800000)]
  0x000001d92d809000 JavaThread "hw_ila_monitor" [_thread_blocked, id=20064, stack(0x0000006903200000,0x0000006903700000)]
  0x000001d92d813800 JavaThread "pool-1-thread-1" [_thread_blocked, id=18848, stack(0x0000006904300000,0x0000006904800000)]
  0x000001d92d814800 JavaThread "pool-2-thread-1" [_thread_blocked, id=4624, stack(0x0000006904800000,0x0000006904d00000)]
  0x000001d902d26800 JavaThread "pool-3-thread-1" [_thread_blocked, id=21316, stack(0x0000006904d00000,0x0000006905200000)]
  0x000001d902d29000 JavaThread "Update Runs Swing Worker Thread" [_thread_blocked, id=20420, stack(0x0000006905200000,0x0000006905700000)]
  0x000001d92d80e800 JavaThread "Watchdog Thread for com.sigasi.lsp.server.BootstrappedLspServer" daemon [_thread_blocked, id=15256, stack(0x0000006906100000,0x0000006906600000)]
  0x000001d940217800 JavaThread "Life support thread" daemon [_thread_blocked, id=21308, stack(0x0000006902d00000,0x0000006903200000)]
  0x000001d94021a000 JavaThread "Protocol translation thread 0" [_thread_in_native, id=15704, stack(0x0000006906600000,0x0000006906b00000)]
  0x000001d94021e000 JavaThread "pool-5-thread-1" [_thread_blocked, id=19092, stack(0x0000006906b00000,0x0000006907000000)]
  0x000001d940218800 JavaThread "EMF Reference Cleaner" daemon [_thread_blocked, id=22452, stack(0x0000006907000000,0x0000006907500000)]
  0x000001d92d811000 JavaThread "pool-6-thread-1" [_thread_blocked, id=15908, stack(0x0000006905700000,0x0000006905c00000)]
  0x000001d94021d800 JavaThread "SyntheticaAnimation 50" daemon [_thread_blocked, id=13764, stack(0x0000006907f00000,0x0000006908400000)]
  0x000001d9429a9000 JavaThread "ForkJoinPool.commonPool-worker-15" daemon [_thread_blocked, id=20000, stack(0x0000006903700000,0x0000006903c00000)]
  0x000001d9bccd6800 JavaThread "Image Fetcher 0" daemon [_thread_blocked, id=10032, stack(0x0000006902800000,0x0000006902d00000)]
  0x000001d9bccd4800 JavaThread "Refresh Sources (EDT) Thread" [_thread_blocked, id=10548, stack(0x0000006907500000,0x0000006907a00000)]

Other Threads:
  0x000001d97d884800 VMThread "VM Thread" [stack: 0x0000006979100000,0x0000006979200000] [id=3412]
  0x000001d902f8f800 WatcherThread [stack: 0x000000697b700000,0x000000697b800000] [id=10108]
  0x000001d900b81800 GCTaskThread "GC Thread#0" [stack: 0x0000006978c00000,0x0000006978d00000] [id=17508]
  0x000001d929c69800 GCTaskThread "GC Thread#1" [stack: 0x0000006978a00000,0x0000006978b00000] [id=7908]
  0x000001d929c68000 GCTaskThread "GC Thread#2" [stack: 0x000000697c900000,0x000000697ca00000] [id=19396]
  0x000001d929c6e000 GCTaskThread "GC Thread#3" [stack: 0x000000697ca00000,0x000000697cb00000] [id=17484]
  0x000001d929c6a800 GCTaskThread "GC Thread#4" [stack: 0x000000697cb00000,0x000000697cc00000] [id=6900]
  0x000001d929c6b000 GCTaskThread "GC Thread#5" [stack: 0x000000697cc00000,0x000000697cd00000] [id=16112]
  0x000001d929c6c800 GCTaskThread "GC Thread#6" [stack: 0x000000697e300000,0x000000697e400000] [id=9368]
  0x000001d929c6d000 GCTaskThread "GC Thread#7" [stack: 0x000000697e400000,0x000000697e500000] [id=17992]
  0x000001d903ebb000 ConcurrentGCThread "G1 Main Marker" [stack: 0x0000006978d00000,0x0000006978e00000] [id=21752]
  0x000001d97ce97000 ConcurrentGCThread "G1 Conc#0" [stack: 0x0000006978e00000,0x0000006978f00000] [id=18092]
  0x000001d929c67800 ConcurrentGCThread "G1 Conc#1" [stack: 0x000000697e500000,0x000000697e600000] [id=4888]
  0x000001d900705800 ConcurrentGCThread "G1 Refine#0" [stack: 0x0000006978f00000,0x0000006979000000] [id=19900]
  0x000001d92be7e000 ConcurrentGCThread "G1 Refine#1" [stack: 0x000000697cd00000,0x000000697ce00000] [id=20060]
  0x000001d92be90000 ConcurrentGCThread "G1 Refine#2" [stack: 0x000000697ce00000,0x000000697cf00000] [id=9884]
  0x000001d9011bb000 ConcurrentGCThread "G1 Young RemSet Sampling" [stack: 0x0000006979000000,0x0000006979100000] [id=19128]

Threads with active compile tasks:

VM state:not at safepoint (normal execution)

VM Mutex/Monitor currently owned by a thread: None

Heap address: 0x0000000740000000, size: 3072 MB, Compressed Oops mode: Zero based, Oop shift amount: 3
Narrow klass base: 0x0000000800000000, Narrow klass shift: 0
Compressed class space size: 1073741824 Address: 0x0000000800000000

Heap:
 garbage-first heap   total 262144K, used 130806K [0x0000000740000000, 0x0000000800000000)
  region size 1024K, 14 young (14336K), 1 survivors (1024K)
 Metaspace       used 116987K, capacity 118307K, committed 122320K, reserved 1155072K
  class space    used 15253K, capacity 15786K, committed 17152K, reserved 1048576K
Heap Regions: E=young(eden), S=young(survivor), O=old, HS=humongous(starts), HC=humongous(continues), CS=collection set, F=free, A=archive, TAMS=top-at-mark-start (previous, next)
|   0|0x0000000740000000, 0x0000000740100000, 0x0000000740100000|100%|HS|  |TAMS 0x0000000740100000, 0x0000000740000000| Complete 
|   1|0x0000000740100000, 0x0000000740200000, 0x0000000740200000|100%|HC|  |TAMS 0x0000000740200000, 0x0000000740100000| Complete 
|   2|0x0000000740200000, 0x0000000740300000, 0x0000000740300000|100%|HS|  |TAMS 0x0000000740300000, 0x0000000740200000| Complete 
|   3|0x0000000740300000, 0x00000007403ffff0, 0x0000000740400000| 99%| O|  |TAMS 0x00000007403ffff0, 0x0000000740300000| Untracked 
|   4|0x0000000740400000, 0x00000007404fffc0, 0x0000000740500000| 99%| O|  |TAMS 0x00000007404fffc0, 0x0000000740400000| Untracked 
|   5|0x0000000740500000, 0x00000007405fec98, 0x0000000740600000| 99%| O|  |TAMS 0x00000007405fec98, 0x0000000740500000| Untracked 
|   6|0x0000000740600000, 0x00000007406fffd8, 0x0000000740700000| 99%| O|  |TAMS 0x00000007406fffd8, 0x0000000740600000| Untracked 
|   7|0x0000000740700000, 0x00000007407ffff8, 0x0000000740800000| 99%| O|  |TAMS 0x00000007407ffff8, 0x0000000740700000| Untracked 
|   8|0x0000000740800000, 0x00000007408f6438, 0x0000000740900000| 96%| O|  |TAMS 0x00000007408f6438, 0x0000000740800000| Untracked 
|   9|0x0000000740900000, 0x00000007409ffff0, 0x0000000740a00000| 99%| O|  |TAMS 0x00000007409ffff0, 0x0000000740900000| Untracked 
|  10|0x0000000740a00000, 0x0000000740affff0, 0x0000000740b00000| 99%| O|  |TAMS 0x0000000740affff0, 0x0000000740a00000| Untracked 
|  11|0x0000000740b00000, 0x0000000740c00000, 0x0000000740c00000|100%| O|  |TAMS 0x0000000740c00000, 0x0000000740b00000| Untracked 
|  12|0x0000000740c00000, 0x0000000740cffff8, 0x0000000740d00000| 99%| O|  |TAMS 0x0000000740cffff8, 0x0000000740c00000| Untracked 
|  13|0x0000000740d00000, 0x0000000740df6db0, 0x0000000740e00000| 96%| O|  |TAMS 0x0000000740df6db0, 0x0000000740d00000| Untracked 
|  14|0x0000000740e00000, 0x0000000740efffe8, 0x0000000740f00000| 99%| O|  |TAMS 0x0000000740efffe8, 0x0000000740e00000| Untracked 
|  15|0x0000000740f00000, 0x0000000740fffff0, 0x0000000741000000| 99%| O|  |TAMS 0x0000000740fffff0, 0x0000000740f00000| Untracked 
|  16|0x0000000741000000, 0x00000007410ffff8, 0x0000000741100000| 99%| O|  |TAMS 0x00000007410ffff8, 0x0000000741000000| Untracked 
|  17|0x0000000741100000, 0x0000000741200000, 0x0000000741200000|100%| O|  |TAMS 0x0000000741200000, 0x0000000741100000| Untracked 
|  18|0x0000000741200000, 0x0000000741300000, 0x0000000741300000|100%| O|  |TAMS 0x0000000741300000, 0x0000000741200000| Untracked 
|  19|0x0000000741300000, 0x00000007413fff30, 0x0000000741400000| 99%| O|  |TAMS 0x00000007413fff30, 0x0000000741300000| Untracked 
|  20|0x0000000741400000, 0x00000007414fffc0, 0x0000000741500000| 99%| O|  |TAMS 0x00000007414fffc0, 0x0000000741400000| Untracked 
|  21|0x0000000741500000, 0x00000007415fe098, 0x0000000741600000| 99%| O|  |TAMS 0x00000007415fe098, 0x0000000741500000| Untracked 
|  22|0x0000000741600000, 0x00000007416ff0d0, 0x0000000741700000| 99%| O|  |TAMS 0x00000007416ff0d0, 0x0000000741600000| Untracked 
|  23|0x0000000741700000, 0x00000007417fffe8, 0x0000000741800000| 99%| O|  |TAMS 0x00000007417fffe8, 0x0000000741700000| Untracked 
|  24|0x0000000741800000, 0x0000000741900000, 0x0000000741900000|100%|HS|  |TAMS 0x0000000741900000, 0x0000000741800000| Complete 
|  25|0x0000000741900000, 0x0000000741a00000, 0x0000000741a00000|100%| O|  |TAMS 0x0000000741a00000, 0x0000000741900000| Untracked 
|  26|0x0000000741a00000, 0x0000000741afffc8, 0x0000000741b00000| 99%| O|  |TAMS 0x0000000741afffc8, 0x0000000741a00000| Untracked 
|  27|0x0000000741b00000, 0x0000000741bffe38, 0x0000000741c00000| 99%| O|  |TAMS 0x0000000741bffe38, 0x0000000741b00000| Untracked 
|  28|0x0000000741c00000, 0x0000000741cffeb0, 0x0000000741d00000| 99%| O|  |TAMS 0x0000000741cffeb0, 0x0000000741c00000| Untracked 
|  29|0x0000000741d00000, 0x0000000741dfffe8, 0x0000000741e00000| 99%| O|  |TAMS 0x0000000741dfffe8, 0x0000000741d00000| Untracked 
|  30|0x0000000741e00000, 0x0000000741efff60, 0x0000000741f00000| 99%| O|  |TAMS 0x0000000741efff60, 0x0000000741e00000| Untracked 
|  31|0x0000000741f00000, 0x0000000742000000, 0x0000000742000000|100%| O|  |TAMS 0x0000000742000000, 0x0000000741f00000| Untracked 
|  32|0x0000000742000000, 0x00000007420fff28, 0x0000000742100000| 99%| O|  |TAMS 0x00000007420fff28, 0x0000000742000000| Untracked 
|  33|0x0000000742100000, 0x00000007421ffff0, 0x0000000742200000| 99%| O|  |TAMS 0x00000007421ffff0, 0x0000000742100000| Untracked 
|  34|0x0000000742200000, 0x0000000742300000, 0x0000000742300000|100%| O|  |TAMS 0x0000000742300000, 0x0000000742200000| Untracked 
|  35|0x0000000742300000, 0x00000007423fffd8, 0x0000000742400000| 99%| O|  |TAMS 0x00000007423fffd8, 0x0000000742300000| Untracked 
|  36|0x0000000742400000, 0x00000007424fffe8, 0x0000000742500000| 99%| O|  |TAMS 0x00000007424fffe8, 0x0000000742400000| Untracked 
|  37|0x0000000742500000, 0x00000007425ffe18, 0x0000000742600000| 99%| O|  |TAMS 0x00000007425ffe18, 0x0000000742500000| Untracked 
|  38|0x0000000742600000, 0x00000007426ffff8, 0x0000000742700000| 99%| O|  |TAMS 0x00000007426ffff8, 0x0000000742600000| Untracked 
|  39|0x0000000742700000, 0x0000000742800000, 0x0000000742800000|100%| O|  |TAMS 0x0000000742800000, 0x0000000742700000| Untracked 
|  40|0x0000000742800000, 0x00000007428ffff8, 0x0000000742900000| 99%| O|  |TAMS 0x00000007428ffff8, 0x0000000742800000| Untracked 
|  41|0x0000000742900000, 0x0000000742a00000, 0x0000000742a00000|100%| O|  |TAMS 0x0000000742a00000, 0x0000000742900000| Untracked 
|  42|0x0000000742a00000, 0x0000000742b00000, 0x0000000742b00000|100%|HS|  |TAMS 0x0000000742b00000, 0x0000000742a00000| Complete 
|  43|0x0000000742b00000, 0x0000000742c00000, 0x0000000742c00000|100%|HC|  |TAMS 0x0000000742c00000, 0x0000000742b00000| Complete 
|  44|0x0000000742c00000, 0x0000000742d00000, 0x0000000742d00000|100%|HC|  |TAMS 0x0000000742d00000, 0x0000000742c00000| Complete 
|  45|0x0000000742d00000, 0x0000000742e00000, 0x0000000742e00000|100%|HC|  |TAMS 0x0000000742e00000, 0x0000000742d00000| Complete 
|  46|0x0000000742e00000, 0x0000000742f00000, 0x0000000742f00000|100%|HC|  |TAMS 0x0000000742f00000, 0x0000000742e00000| Complete 
|  47|0x0000000742f00000, 0x0000000743000000, 0x0000000743000000|100%|HC|  |TAMS 0x0000000743000000, 0x0000000742f00000| Complete 
|  48|0x0000000743000000, 0x0000000743100000, 0x0000000743100000|100%|HC|  |TAMS 0x0000000743100000, 0x0000000743000000| Complete 
|  49|0x0000000743100000, 0x0000000743200000, 0x0000000743200000|100%|HC|  |TAMS 0x0000000743200000, 0x0000000743100000| Complete 
|  50|0x0000000743200000, 0x0000000743300000, 0x0000000743300000|100%| O|  |TAMS 0x0000000743300000, 0x0000000743200000| Untracked 
|  51|0x0000000743300000, 0x00000007433ffff0, 0x0000000743400000| 99%| O|  |TAMS 0x00000007433ffff0, 0x0000000743300000| Untracked 
|  52|0x0000000743400000, 0x00000007434ffea0, 0x0000000743500000| 99%| O|  |TAMS 0x00000007434ffea0, 0x0000000743400000| Untracked 
|  53|0x0000000743500000, 0x00000007435fff78, 0x0000000743600000| 99%| O|  |TAMS 0x00000007435fff78, 0x0000000743500000| Untracked 
|  54|0x0000000743600000, 0x00000007436fff98, 0x0000000743700000| 99%| O|  |TAMS 0x00000007436fff98, 0x0000000743600000| Untracked 
|  55|0x0000000743700000, 0x00000007437ffff0, 0x0000000743800000| 99%| O|  |TAMS 0x00000007437ffff0, 0x0000000743700000| Untracked 
|  56|0x0000000743800000, 0x00000007438ffff8, 0x0000000743900000| 99%| O|  |TAMS 0x00000007438ffff8, 0x0000000743800000| Untracked 
|  57|0x0000000743900000, 0x0000000743a00000, 0x0000000743a00000|100%| O|  |TAMS 0x0000000743a00000, 0x0000000743900000| Untracked 
|  58|0x0000000743a00000, 0x0000000743b00000, 0x0000000743b00000|100%| O|  |TAMS 0x0000000743b00000, 0x0000000743a00000| Untracked 
|  59|0x0000000743b00000, 0x0000000743bffff0, 0x0000000743c00000| 99%| O|  |TAMS 0x0000000743bffff0, 0x0000000743b00000| Untracked 
|  60|0x0000000743c00000, 0x0000000743cffff0, 0x0000000743d00000| 99%| O|  |TAMS 0x0000000743cffff0, 0x0000000743c00000| Untracked 
|  61|0x0000000743d00000, 0x0000000743dffff0, 0x0000000743e00000| 99%| O|  |TAMS 0x0000000743dffff0, 0x0000000743d00000| Untracked 
|  62|0x0000000743e00000, 0x0000000743efff98, 0x0000000743f00000| 99%| O|  |TAMS 0x0000000743efff98, 0x0000000743e00000| Untracked 
|  63|0x0000000743f00000, 0x0000000743fffff8, 0x0000000744000000| 99%| O|  |TAMS 0x0000000743fffff8, 0x0000000743f00000| Untracked 
|  64|0x0000000744000000, 0x00000007440fffe0, 0x0000000744100000| 99%| O|  |TAMS 0x00000007440fffe0, 0x0000000744000000| Untracked 
|  65|0x0000000744100000, 0x00000007441ffad8, 0x0000000744200000| 99%| O|  |TAMS 0x00000007441ffad8, 0x0000000744100000| Untracked 
|  66|0x0000000744200000, 0x0000000744300000, 0x0000000744300000|100%| O|  |TAMS 0x0000000744300000, 0x0000000744200000| Untracked 
|  67|0x0000000744300000, 0x00000007443fffe0, 0x0000000744400000| 99%| O|  |TAMS 0x00000007443fffe0, 0x0000000744300000| Untracked 
|  68|0x0000000744400000, 0x00000007444fe000, 0x0000000744500000| 99%| O|  |TAMS 0x00000007444fe000, 0x0000000744400000| Untracked 
|  69|0x0000000744500000, 0x0000000744600000, 0x0000000744600000|100%| O|  |TAMS 0x0000000744600000, 0x0000000744500000| Untracked 
|  70|0x0000000744600000, 0x00000007446fffd8, 0x0000000744700000| 99%| O|  |TAMS 0x00000007446fffd8, 0x0000000744600000| Untracked 
|  71|0x0000000744700000, 0x00000007447ffff8, 0x0000000744800000| 99%| O|  |TAMS 0x00000007447ffff8, 0x0000000744700000| Untracked 
|  72|0x0000000744800000, 0x0000000744900000, 0x0000000744900000|100%| O|  |TAMS 0x0000000744900000, 0x0000000744800000| Untracked 
|  73|0x0000000744900000, 0x00000007449ffff0, 0x0000000744a00000| 99%| O|  |TAMS 0x00000007449ffff0, 0x0000000744900000| Untracked 
|  74|0x0000000744a00000, 0x0000000744affff0, 0x0000000744b00000| 99%| O|  |TAMS 0x0000000744affff0, 0x0000000744a00000| Untracked 
|  75|0x0000000744b00000, 0x0000000744c00000, 0x0000000744c00000|100%| O|  |TAMS 0x0000000744c00000, 0x0000000744b00000| Untracked 
|  76|0x0000000744c00000, 0x0000000744cffff0, 0x0000000744d00000| 99%| O|  |TAMS 0x0000000744cffff0, 0x0000000744c00000| Untracked 
|  77|0x0000000744d00000, 0x0000000744dffff8, 0x0000000744e00000| 99%| O|  |TAMS 0x0000000744dffff8, 0x0000000744d00000| Untracked 
|  78|0x0000000744e00000, 0x0000000744effff0, 0x0000000744f00000| 99%| O|  |TAMS 0x0000000744effff0, 0x0000000744e00000| Untracked 
|  79|0x0000000744f00000, 0x0000000745000000, 0x0000000745000000|100%| O|  |TAMS 0x0000000745000000, 0x0000000744f00000| Untracked 
|  80|0x0000000745000000, 0x00000007450ffff0, 0x0000000745100000| 99%| O|  |TAMS 0x00000007450ffff0, 0x0000000745000000| Untracked 
|  81|0x0000000745100000, 0x0000000745200000, 0x0000000745200000|100%| O|  |TAMS 0x0000000745200000, 0x0000000745100000| Untracked 
|  82|0x0000000745200000, 0x00000007452ffff0, 0x0000000745300000| 99%| O|  |TAMS 0x00000007452ffff0, 0x0000000745200000| Untracked 
|  83|0x0000000745300000, 0x00000007453ffff0, 0x0000000745400000| 99%| O|  |TAMS 0x00000007453ffff0, 0x0000000745300000| Untracked 
|  84|0x0000000745400000, 0x00000007454ffff0, 0x0000000745500000| 99%| O|  |TAMS 0x00000007454ffff0, 0x0000000745400000| Untracked 
|  85|0x0000000745500000, 0x0000000745600000, 0x0000000745600000|100%| O|  |TAMS 0x0000000745600000, 0x0000000745500000| Untracked 
|  86|0x0000000745600000, 0x00000007456ffff0, 0x0000000745700000| 99%| O|  |TAMS 0x00000007456ffff0, 0x0000000745600000| Untracked 
|  87|0x0000000745700000, 0x00000007457ffff8, 0x0000000745800000| 99%| O|  |TAMS 0x00000007457ffff8, 0x0000000745700000| Untracked 
|  88|0x0000000745800000, 0x00000007458fffe8, 0x0000000745900000| 99%| O|  |TAMS 0x00000007458fffe8, 0x0000000745800000| Untracked 
|  89|0x0000000745900000, 0x00000007459fffe0, 0x0000000745a00000| 99%| O|  |TAMS 0x00000007459fffe0, 0x0000000745900000| Untracked 
|  90|0x0000000745a00000, 0x0000000745b00000, 0x0000000745b00000|100%| O|  |TAMS 0x0000000745b00000, 0x0000000745a00000| Untracked 
|  91|0x0000000745b00000, 0x0000000745bfffe8, 0x0000000745c00000| 99%| O|  |TAMS 0x0000000745bfffe8, 0x0000000745b00000| Untracked 
|  92|0x0000000745c00000, 0x0000000745cfffa0, 0x0000000745d00000| 99%| O|  |TAMS 0x0000000745cfffa0, 0x0000000745c00000| Untracked 
|  93|0x0000000745d00000, 0x0000000745dffff8, 0x0000000745e00000| 99%| O|  |TAMS 0x0000000745dffff8, 0x0000000745d00000| Untracked 
|  94|0x0000000745e00000, 0x0000000745efffe8, 0x0000000745f00000| 99%| O|  |TAMS 0x0000000745efffe8, 0x0000000745e00000| Untracked 
|  95|0x0000000745f00000, 0x0000000745fffd30, 0x0000000746000000| 99%| O|  |TAMS 0x0000000745fffd30, 0x0000000745f00000| Untracked 
|  96|0x0000000746000000, 0x00000007460ffff8, 0x0000000746100000| 99%| O|  |TAMS 0x00000007460ffff8, 0x0000000746000000| Untracked 
|  97|0x0000000746100000, 0x00000007461fff10, 0x0000000746200000| 99%| O|  |TAMS 0x00000007461fff10, 0x0000000746100000| Untracked 
|  98|0x0000000746200000, 0x0000000746300000, 0x0000000746300000|100%| O|  |TAMS 0x0000000746300000, 0x0000000746200000| Untracked 
|  99|0x0000000746300000, 0x00000007463ffff0, 0x0000000746400000| 99%| O|  |TAMS 0x00000007463ffff0, 0x0000000746300000| Untracked 
| 100|0x0000000746400000, 0x0000000746500000, 0x0000000746500000|100%| O|  |TAMS 0x0000000746500000, 0x0000000746400000| Untracked 
| 101|0x0000000746500000, 0x0000000746600000, 0x0000000746600000|100%| O|  |TAMS 0x0000000746600000, 0x0000000746500000| Untracked 
| 102|0x0000000746600000, 0x0000000746700000, 0x0000000746700000|100%| O|  |TAMS 0x0000000746700000, 0x0000000746600000| Untracked 
| 103|0x0000000746700000, 0x00000007467ffff0, 0x0000000746800000| 99%| O|  |TAMS 0x00000007467ffff0, 0x0000000746700000| Untracked 
| 104|0x0000000746800000, 0x00000007468ffff0, 0x0000000746900000| 99%| O|  |TAMS 0x00000007468ffff0, 0x0000000746800000| Untracked 
| 105|0x0000000746900000, 0x00000007469ffff8, 0x0000000746a00000| 99%| O|  |TAMS 0x00000007469ffff8, 0x0000000746900000| Untracked 
| 106|0x0000000746a00000, 0x0000000746b00000, 0x0000000746b00000|100%| O|  |TAMS 0x0000000746b00000, 0x0000000746a00000| Untracked 
| 107|0x0000000746b00000, 0x0000000746bffff0, 0x0000000746c00000| 99%| O|  |TAMS 0x0000000746bffff0, 0x0000000746b00000| Untracked 
| 108|0x0000000746c00000, 0x0000000746cffff8, 0x0000000746d00000| 99%| O|  |TAMS 0x0000000746cffff8, 0x0000000746c00000| Untracked 
| 109|0x0000000746d00000, 0x0000000746dfe328, 0x0000000746e00000| 99%| O|  |TAMS 0x0000000746dfe328, 0x0000000746d00000| Untracked 
| 110|0x0000000746e00000, 0x0000000746f00000, 0x0000000746f00000|100%| O|  |TAMS 0x0000000746f00000, 0x0000000746e00000| Untracked 
| 111|0x0000000746f00000, 0x0000000746fff010, 0x0000000747000000| 99%| O|  |TAMS 0x0000000746fff010, 0x0000000746f00000| Untracked 
| 112|0x0000000747000000, 0x00000007470ffff0, 0x0000000747100000| 99%| O|  |TAMS 0x00000007470ffff0, 0x0000000747000000| Untracked 
| 113|0x0000000747100000, 0x00000007471b67c8, 0x0000000747200000| 71%| O|  |TAMS 0x00000007471b67c8, 0x0000000747100000| Untracked 
| 114|0x0000000747200000, 0x00000007472e5e70, 0x0000000747300000| 89%| O|  |TAMS 0x00000007472e5e70, 0x0000000747200000| Untracked 
| 115|0x0000000747300000, 0x00000007473154c8, 0x0000000747400000|  8%| O|  |TAMS 0x00000007473154c8, 0x0000000747300000| Untracked 
| 116|0x0000000747400000, 0x0000000747400000, 0x0000000747500000|  0%| F|  |TAMS 0x0000000747400000, 0x0000000747400000| Untracked 
| 117|0x0000000747500000, 0x0000000747500000, 0x0000000747600000|  0%| F|  |TAMS 0x0000000747500000, 0x0000000747500000| Untracked 
| 118|0x0000000747600000, 0x0000000747600000, 0x0000000747700000|  0%| F|  |TAMS 0x0000000747600000, 0x0000000747600000| Untracked 
| 119|0x0000000747700000, 0x0000000747700000, 0x0000000747800000|  0%| F|  |TAMS 0x0000000747700000, 0x0000000747700000| Untracked 
| 120|0x0000000747800000, 0x0000000747800000, 0x0000000747900000|  0%| F|  |TAMS 0x0000000747800000, 0x0000000747800000| Untracked 
| 121|0x0000000747900000, 0x0000000747983a40, 0x0000000747a00000| 51%| O|  |TAMS 0x0000000747983a40, 0x0000000747900000| Untracked 
| 122|0x0000000747a00000, 0x0000000747a00000, 0x0000000747b00000|  0%| F|  |TAMS 0x0000000747a00000, 0x0000000747a00000| Untracked 
| 123|0x0000000747b00000, 0x0000000747b00000, 0x0000000747c00000|  0%| F|  |TAMS 0x0000000747b00000, 0x0000000747b00000| Untracked 
| 124|0x0000000747c00000, 0x0000000747c00000, 0x0000000747d00000|  0%| F|  |TAMS 0x0000000747c00000, 0x0000000747c00000| Untracked 
| 125|0x0000000747d00000, 0x0000000747d00000, 0x0000000747e00000|  0%| F|  |TAMS 0x0000000747d00000, 0x0000000747d00000| Untracked 
| 126|0x0000000747e00000, 0x0000000747e00000, 0x0000000747f00000|  0%| F|  |TAMS 0x0000000747e00000, 0x0000000747e00000| Untracked 
| 127|0x0000000747f00000, 0x0000000747f00000, 0x0000000748000000|  0%| F|  |TAMS 0x0000000747f00000, 0x0000000747f00000| Untracked 
| 128|0x0000000748000000, 0x0000000748000000, 0x0000000748100000|  0%| F|  |TAMS 0x0000000748000000, 0x0000000748000000| Untracked 
| 129|0x0000000748100000, 0x0000000748100000, 0x0000000748200000|  0%| F|  |TAMS 0x0000000748100000, 0x0000000748100000| Untracked 
| 130|0x0000000748200000, 0x0000000748200000, 0x0000000748300000|  0%| F|  |TAMS 0x0000000748200000, 0x0000000748200000| Untracked 
| 131|0x0000000748300000, 0x0000000748300000, 0x0000000748400000|  0%| F|  |TAMS 0x0000000748300000, 0x0000000748300000| Untracked 
| 132|0x0000000748400000, 0x0000000748400000, 0x0000000748500000|  0%| F|  |TAMS 0x0000000748400000, 0x0000000748400000| Untracked 
| 133|0x0000000748500000, 0x0000000748500000, 0x0000000748600000|  0%| F|  |TAMS 0x0000000748500000, 0x0000000748500000| Untracked 
| 134|0x0000000748600000, 0x0000000748600000, 0x0000000748700000|  0%| F|  |TAMS 0x0000000748600000, 0x0000000748600000| Untracked 
| 135|0x0000000748700000, 0x0000000748700000, 0x0000000748800000|  0%| F|  |TAMS 0x0000000748700000, 0x0000000748700000| Untracked 
| 136|0x0000000748800000, 0x000000074880bd58, 0x0000000748900000|  4%| O|  |TAMS 0x000000074880bd58, 0x0000000748800000| Untracked 
| 137|0x0000000748900000, 0x0000000748900000, 0x0000000748a00000|  0%| F|  |TAMS 0x0000000748900000, 0x0000000748900000| Untracked 
| 138|0x0000000748a00000, 0x0000000748a00000, 0x0000000748b00000|  0%| F|  |TAMS 0x0000000748a00000, 0x0000000748a00000| Untracked 
| 139|0x0000000748b00000, 0x0000000748b00000, 0x0000000748c00000|  0%| F|  |TAMS 0x0000000748b00000, 0x0000000748b00000| Untracked 
| 140|0x0000000748c00000, 0x0000000748c00000, 0x0000000748d00000|  0%| F|  |TAMS 0x0000000748c00000, 0x0000000748c00000| Untracked 
| 141|0x0000000748d00000, 0x0000000748d00000, 0x0000000748e00000|  0%| F|  |TAMS 0x0000000748d00000, 0x0000000748d00000| Untracked 
| 142|0x0000000748e00000, 0x0000000748e00000, 0x0000000748f00000|  0%| F|  |TAMS 0x0000000748e00000, 0x0000000748e00000| Untracked 
| 143|0x0000000748f00000, 0x0000000748f00000, 0x0000000749000000|  0%| F|  |TAMS 0x0000000748f00000, 0x0000000748f00000| Untracked 
| 144|0x0000000749000000, 0x0000000749000000, 0x0000000749100000|  0%| F|  |TAMS 0x0000000749000000, 0x0000000749000000| Untracked 
| 145|0x0000000749100000, 0x0000000749100000, 0x0000000749200000|  0%| F|  |TAMS 0x0000000749100000, 0x0000000749100000| Untracked 
| 146|0x0000000749200000, 0x0000000749200000, 0x0000000749300000|  0%| F|  |TAMS 0x0000000749200000, 0x0000000749200000| Untracked 
| 147|0x0000000749300000, 0x0000000749300000, 0x0000000749400000|  0%| F|  |TAMS 0x0000000749300000, 0x0000000749300000| Untracked 
| 148|0x0000000749400000, 0x0000000749400000, 0x0000000749500000|  0%| F|  |TAMS 0x0000000749400000, 0x0000000749400000| Untracked 
| 149|0x0000000749500000, 0x0000000749500000, 0x0000000749600000|  0%| F|  |TAMS 0x0000000749500000, 0x0000000749500000| Untracked 
| 150|0x0000000749600000, 0x0000000749600000, 0x0000000749700000|  0%| F|  |TAMS 0x0000000749600000, 0x0000000749600000| Untracked 
| 151|0x0000000749700000, 0x0000000749700000, 0x0000000749800000|  0%| F|  |TAMS 0x0000000749700000, 0x0000000749700000| Untracked 
| 152|0x0000000749800000, 0x0000000749800000, 0x0000000749900000|  0%| F|  |TAMS 0x0000000749800000, 0x0000000749800000| Untracked 
| 153|0x0000000749900000, 0x0000000749900000, 0x0000000749a00000|  0%| F|  |TAMS 0x0000000749900000, 0x0000000749900000| Untracked 
| 154|0x0000000749a00000, 0x0000000749a00000, 0x0000000749b00000|  0%| F|  |TAMS 0x0000000749a00000, 0x0000000749a00000| Untracked 
| 155|0x0000000749b00000, 0x0000000749b00000, 0x0000000749c00000|  0%| F|  |TAMS 0x0000000749b00000, 0x0000000749b00000| Untracked 
| 156|0x0000000749c00000, 0x0000000749c00000, 0x0000000749d00000|  0%| F|  |TAMS 0x0000000749c00000, 0x0000000749c00000| Untracked 
| 157|0x0000000749d00000, 0x0000000749d00000, 0x0000000749e00000|  0%| F|  |TAMS 0x0000000749d00000, 0x0000000749d00000| Untracked 
| 158|0x0000000749e00000, 0x0000000749e00000, 0x0000000749f00000|  0%| F|  |TAMS 0x0000000749e00000, 0x0000000749e00000| Untracked 
| 159|0x0000000749f00000, 0x0000000749f00000, 0x000000074a000000|  0%| F|  |TAMS 0x0000000749f00000, 0x0000000749f00000| Untracked 
| 160|0x000000074a000000, 0x000000074a000000, 0x000000074a100000|  0%| F|  |TAMS 0x000000074a000000, 0x000000074a000000| Untracked 
| 161|0x000000074a100000, 0x000000074a100000, 0x000000074a200000|  0%| F|  |TAMS 0x000000074a100000, 0x000000074a100000| Untracked 
| 162|0x000000074a200000, 0x000000074a200000, 0x000000074a300000|  0%| F|  |TAMS 0x000000074a200000, 0x000000074a200000| Untracked 
| 163|0x000000074a300000, 0x000000074a300000, 0x000000074a400000|  0%| F|  |TAMS 0x000000074a300000, 0x000000074a300000| Untracked 
| 164|0x000000074a400000, 0x000000074a400000, 0x000000074a500000|  0%| F|  |TAMS 0x000000074a400000, 0x000000074a400000| Untracked 
| 165|0x000000074a500000, 0x000000074a500000, 0x000000074a600000|  0%| F|  |TAMS 0x000000074a500000, 0x000000074a500000| Untracked 
| 166|0x000000074a600000, 0x000000074a600000, 0x000000074a700000|  0%| F|  |TAMS 0x000000074a600000, 0x000000074a600000| Untracked 
| 167|0x000000074a700000, 0x000000074a700000, 0x000000074a800000|  0%| F|  |TAMS 0x000000074a700000, 0x000000074a700000| Untracked 
| 168|0x000000074a800000, 0x000000074a800000, 0x000000074a900000|  0%| F|  |TAMS 0x000000074a800000, 0x000000074a800000| Untracked 
| 169|0x000000074a900000, 0x000000074a900000, 0x000000074aa00000|  0%| F|  |TAMS 0x000000074a900000, 0x000000074a900000| Untracked 
| 170|0x000000074aa00000, 0x000000074aa00000, 0x000000074ab00000|  0%| F|  |TAMS 0x000000074aa00000, 0x000000074aa00000| Untracked 
| 171|0x000000074ab00000, 0x000000074ab00000, 0x000000074ac00000|  0%| F|  |TAMS 0x000000074ab00000, 0x000000074ab00000| Untracked 
| 172|0x000000074ac00000, 0x000000074ac00000, 0x000000074ad00000|  0%| F|  |TAMS 0x000000074ac00000, 0x000000074ac00000| Untracked 
| 173|0x000000074ad00000, 0x000000074ad00000, 0x000000074ae00000|  0%| F|  |TAMS 0x000000074ad00000, 0x000000074ad00000| Untracked 
| 174|0x000000074ae00000, 0x000000074ae00000, 0x000000074af00000|  0%| F|  |TAMS 0x000000074ae00000, 0x000000074ae00000| Untracked 
| 175|0x000000074af00000, 0x000000074af00000, 0x000000074b000000|  0%| F|  |TAMS 0x000000074af00000, 0x000000074af00000| Untracked 
| 176|0x000000074b000000, 0x000000074b000000, 0x000000074b100000|  0%| F|  |TAMS 0x000000074b000000, 0x000000074b000000| Untracked 
| 177|0x000000074b100000, 0x000000074b100000, 0x000000074b200000|  0%| F|  |TAMS 0x000000074b100000, 0x000000074b100000| Untracked 
| 178|0x000000074b200000, 0x000000074b200000, 0x000000074b300000|  0%| F|  |TAMS 0x000000074b200000, 0x000000074b200000| Untracked 
| 179|0x000000074b300000, 0x000000074b300000, 0x000000074b400000|  0%| F|  |TAMS 0x000000074b300000, 0x000000074b300000| Untracked 
| 180|0x000000074b400000, 0x000000074b400000, 0x000000074b500000|  0%| F|  |TAMS 0x000000074b400000, 0x000000074b400000| Untracked 
| 181|0x000000074b500000, 0x000000074b500000, 0x000000074b600000|  0%| F|  |TAMS 0x000000074b500000, 0x000000074b500000| Untracked 
| 182|0x000000074b600000, 0x000000074b600000, 0x000000074b700000|  0%| F|  |TAMS 0x000000074b600000, 0x000000074b600000| Untracked 
| 183|0x000000074b700000, 0x000000074b700000, 0x000000074b800000|  0%| F|  |TAMS 0x000000074b700000, 0x000000074b700000| Untracked 
| 184|0x000000074b800000, 0x000000074b800000, 0x000000074b900000|  0%| F|  |TAMS 0x000000074b800000, 0x000000074b800000| Untracked 
| 185|0x000000074b900000, 0x000000074b900000, 0x000000074ba00000|  0%| F|  |TAMS 0x000000074b900000, 0x000000074b900000| Untracked 
| 186|0x000000074ba00000, 0x000000074ba00000, 0x000000074bb00000|  0%| F|  |TAMS 0x000000074ba00000, 0x000000074ba00000| Untracked 
| 187|0x000000074bb00000, 0x000000074bb00000, 0x000000074bc00000|  0%| F|  |TAMS 0x000000074bb00000, 0x000000074bb00000| Untracked 
| 188|0x000000074bc00000, 0x000000074bc00000, 0x000000074bd00000|  0%| F|  |TAMS 0x000000074bc00000, 0x000000074bc00000| Untracked 
| 189|0x000000074bd00000, 0x000000074bd00000, 0x000000074be00000|  0%| F|  |TAMS 0x000000074bd00000, 0x000000074bd00000| Untracked 
| 190|0x000000074be00000, 0x000000074be00000, 0x000000074bf00000|  0%| F|  |TAMS 0x000000074be00000, 0x000000074be00000| Untracked 
| 191|0x000000074bf00000, 0x000000074bf00000, 0x000000074c000000|  0%| F|  |TAMS 0x000000074bf00000, 0x000000074bf00000| Untracked 
| 192|0x000000074c000000, 0x000000074c000000, 0x000000074c100000|  0%| F|  |TAMS 0x000000074c000000, 0x000000074c000000| Untracked 
| 193|0x000000074c100000, 0x000000074c100000, 0x000000074c200000|  0%| F|  |TAMS 0x000000074c100000, 0x000000074c100000| Untracked 
| 194|0x000000074c200000, 0x000000074c200000, 0x000000074c300000|  0%| F|  |TAMS 0x000000074c200000, 0x000000074c200000| Untracked 
| 195|0x000000074c300000, 0x000000074c391860, 0x000000074c400000| 56%| S|CS|TAMS 0x000000074c300000, 0x000000074c300000| Complete 
| 196|0x000000074c400000, 0x000000074c400000, 0x000000074c500000|  0%| F|  |TAMS 0x000000074c400000, 0x000000074c400000| Untracked 
| 197|0x000000074c500000, 0x000000074c500000, 0x000000074c600000|  0%| F|  |TAMS 0x000000074c500000, 0x000000074c500000| Untracked 
| 198|0x000000074c600000, 0x000000074c600000, 0x000000074c700000|  0%| F|  |TAMS 0x000000074c600000, 0x000000074c600000| Untracked 
| 199|0x000000074c700000, 0x000000074c700000, 0x000000074c800000|  0%| F|  |TAMS 0x000000074c700000, 0x000000074c700000| Untracked 
| 200|0x000000074c800000, 0x000000074c800000, 0x000000074c900000|  0%| F|  |TAMS 0x000000074c800000, 0x000000074c800000| Untracked 
| 201|0x000000074c900000, 0x000000074c900000, 0x000000074ca00000|  0%| F|  |TAMS 0x000000074c900000, 0x000000074c900000| Untracked 
| 202|0x000000074ca00000, 0x000000074ca00000, 0x000000074cb00000|  0%| F|  |TAMS 0x000000074ca00000, 0x000000074ca00000| Untracked 
| 203|0x000000074cb00000, 0x000000074cb00000, 0x000000074cc00000|  0%| F|  |TAMS 0x000000074cb00000, 0x000000074cb00000| Untracked 
| 204|0x000000074cc00000, 0x000000074cc00000, 0x000000074cd00000|  0%| F|  |TAMS 0x000000074cc00000, 0x000000074cc00000| Untracked 
| 205|0x000000074cd00000, 0x000000074cd00000, 0x000000074ce00000|  0%| F|  |TAMS 0x000000074cd00000, 0x000000074cd00000| Untracked 
| 206|0x000000074ce00000, 0x000000074ce00000, 0x000000074cf00000|  0%| F|  |TAMS 0x000000074ce00000, 0x000000074ce00000| Untracked 
| 207|0x000000074cf00000, 0x000000074cf00000, 0x000000074d000000|  0%| F|  |TAMS 0x000000074cf00000, 0x000000074cf00000| Untracked 
| 208|0x000000074d000000, 0x000000074d000000, 0x000000074d100000|  0%| F|  |TAMS 0x000000074d000000, 0x000000074d000000| Untracked 
| 209|0x000000074d100000, 0x000000074d100000, 0x000000074d200000|  0%| F|  |TAMS 0x000000074d100000, 0x000000074d100000| Untracked 
| 210|0x000000074d200000, 0x000000074d200000, 0x000000074d300000|  0%| F|  |TAMS 0x000000074d200000, 0x000000074d200000| Untracked 
| 211|0x000000074d300000, 0x000000074d300000, 0x000000074d400000|  0%| F|  |TAMS 0x000000074d300000, 0x000000074d300000| Untracked 
| 212|0x000000074d400000, 0x000000074d400000, 0x000000074d500000|  0%| F|  |TAMS 0x000000074d400000, 0x000000074d400000| Untracked 
| 213|0x000000074d500000, 0x000000074d500000, 0x000000074d600000|  0%| F|  |TAMS 0x000000074d500000, 0x000000074d500000| Untracked 
| 214|0x000000074d600000, 0x000000074d600000, 0x000000074d700000|  0%| F|  |TAMS 0x000000074d600000, 0x000000074d600000| Untracked 
| 215|0x000000074d700000, 0x000000074d700000, 0x000000074d800000|  0%| F|  |TAMS 0x000000074d700000, 0x000000074d700000| Untracked 
| 216|0x000000074d800000, 0x000000074d800000, 0x000000074d900000|  0%| F|  |TAMS 0x000000074d800000, 0x000000074d800000| Untracked 
| 217|0x000000074d900000, 0x000000074d900000, 0x000000074da00000|  0%| F|  |TAMS 0x000000074d900000, 0x000000074d900000| Untracked 
| 218|0x000000074da00000, 0x000000074da00000, 0x000000074db00000|  0%| F|  |TAMS 0x000000074da00000, 0x000000074da00000| Untracked 
| 219|0x000000074db00000, 0x000000074db00000, 0x000000074dc00000|  0%| F|  |TAMS 0x000000074db00000, 0x000000074db00000| Untracked 
| 220|0x000000074dc00000, 0x000000074dc00000, 0x000000074dd00000|  0%| F|  |TAMS 0x000000074dc00000, 0x000000074dc00000| Untracked 
| 221|0x000000074dd00000, 0x000000074dd00000, 0x000000074de00000|  0%| F|  |TAMS 0x000000074dd00000, 0x000000074dd00000| Untracked 
| 222|0x000000074de00000, 0x000000074de00000, 0x000000074df00000|  0%| F|  |TAMS 0x000000074de00000, 0x000000074de00000| Untracked 
| 223|0x000000074df00000, 0x000000074df00000, 0x000000074e000000|  0%| F|  |TAMS 0x000000074df00000, 0x000000074df00000| Untracked 
| 224|0x000000074e000000, 0x000000074e000000, 0x000000074e100000|  0%| F|  |TAMS 0x000000074e000000, 0x000000074e000000| Untracked 
| 225|0x000000074e100000, 0x000000074e100000, 0x000000074e200000|  0%| F|  |TAMS 0x000000074e100000, 0x000000074e100000| Untracked 
| 226|0x000000074e200000, 0x000000074e200000, 0x000000074e300000|  0%| F|  |TAMS 0x000000074e200000, 0x000000074e200000| Untracked 
| 227|0x000000074e300000, 0x000000074e300000, 0x000000074e400000|  0%| F|  |TAMS 0x000000074e300000, 0x000000074e300000| Untracked 
| 228|0x000000074e400000, 0x000000074e400000, 0x000000074e500000|  0%| F|  |TAMS 0x000000074e400000, 0x000000074e400000| Untracked 
| 229|0x000000074e500000, 0x000000074e500000, 0x000000074e600000|  0%| F|  |TAMS 0x000000074e500000, 0x000000074e500000| Untracked 
| 230|0x000000074e600000, 0x000000074e600000, 0x000000074e700000|  0%| F|  |TAMS 0x000000074e600000, 0x000000074e600000| Untracked 
| 231|0x000000074e700000, 0x000000074e700000, 0x000000074e800000|  0%| F|  |TAMS 0x000000074e700000, 0x000000074e700000| Untracked 
| 232|0x000000074e800000, 0x000000074e800000, 0x000000074e900000|  0%| F|  |TAMS 0x000000074e800000, 0x000000074e800000| Untracked 
| 233|0x000000074e900000, 0x000000074e900000, 0x000000074ea00000|  0%| F|  |TAMS 0x000000074e900000, 0x000000074e900000| Untracked 
| 234|0x000000074ea00000, 0x000000074ea00000, 0x000000074eb00000|  0%| F|  |TAMS 0x000000074ea00000, 0x000000074ea00000| Untracked 
| 235|0x000000074eb00000, 0x000000074eb00000, 0x000000074ec00000|  0%| F|  |TAMS 0x000000074eb00000, 0x000000074eb00000| Untracked 
| 236|0x000000074ec00000, 0x000000074ec00000, 0x000000074ed00000|  0%| F|  |TAMS 0x000000074ec00000, 0x000000074ec00000| Untracked 
| 237|0x000000074ed00000, 0x000000074ed00000, 0x000000074ee00000|  0%| F|  |TAMS 0x000000074ed00000, 0x000000074ed00000| Untracked 
| 238|0x000000074ee00000, 0x000000074ee00000, 0x000000074ef00000|  0%| F|  |TAMS 0x000000074ee00000, 0x000000074ee00000| Untracked 
| 239|0x000000074ef00000, 0x000000074ef00000, 0x000000074f000000|  0%| F|  |TAMS 0x000000074ef00000, 0x000000074ef00000| Untracked 
| 240|0x000000074f000000, 0x000000074f008188, 0x000000074f100000|  3%| O|  |TAMS 0x000000074f008188, 0x000000074f000000| Untracked 
| 241|0x000000074f100000, 0x000000074f100000, 0x000000074f200000|  0%| F|  |TAMS 0x000000074f100000, 0x000000074f100000| Untracked 
| 242|0x000000074f200000, 0x000000074f200000, 0x000000074f300000|  0%| F|  |TAMS 0x000000074f200000, 0x000000074f200000| Untracked 
| 243|0x000000074f300000, 0x000000074f32bf30, 0x000000074f400000| 17%| E|  |TAMS 0x000000074f300000, 0x000000074f300000| Complete 
| 244|0x000000074f400000, 0x000000074f500000, 0x000000074f500000|100%| E|CS|TAMS 0x000000074f400000, 0x000000074f400000| Complete 
| 245|0x000000074f500000, 0x000000074f600000, 0x000000074f600000|100%| E|CS|TAMS 0x000000074f500000, 0x000000074f500000| Complete 
| 246|0x000000074f600000, 0x000000074f700000, 0x000000074f700000|100%| E|CS|TAMS 0x000000074f600000, 0x000000074f600000| Complete 
| 247|0x000000074f700000, 0x000000074f800000, 0x000000074f800000|100%| E|CS|TAMS 0x000000074f700000, 0x000000074f700000| Complete 
| 248|0x000000074f800000, 0x000000074f900000, 0x000000074f900000|100%| E|CS|TAMS 0x000000074f800000, 0x000000074f800000| Complete 
| 249|0x000000074f900000, 0x000000074fa00000, 0x000000074fa00000|100%| E|CS|TAMS 0x000000074f900000, 0x000000074f900000| Complete 
| 250|0x000000074fa00000, 0x000000074fb00000, 0x000000074fb00000|100%| E|CS|TAMS 0x000000074fa00000, 0x000000074fa00000| Complete 
| 251|0x000000074fb00000, 0x000000074fc00000, 0x000000074fc00000|100%| E|CS|TAMS 0x000000074fb00000, 0x000000074fb00000| Complete 
| 252|0x000000074fc00000, 0x000000074fd00000, 0x000000074fd00000|100%| E|CS|TAMS 0x000000074fc00000, 0x000000074fc00000| Complete 
| 253|0x000000074fd00000, 0x000000074fe00000, 0x000000074fe00000|100%| E|CS|TAMS 0x000000074fd00000, 0x000000074fd00000| Complete 
| 254|0x000000074fe00000, 0x000000074ff00000, 0x000000074ff00000|100%| E|CS|TAMS 0x000000074fe00000, 0x000000074fe00000| Complete 
| 255|0x000000074ff00000, 0x0000000750000000, 0x0000000750000000|100%| E|CS|TAMS 0x000000074ff00000, 0x000000074ff00000| Complete 

Card table byte_map: [0x000001d91ca10000,0x000001d91d010000] _byte_map_base: 0x000001d919010000

Marking Bits (Prev, Next): (CMBitMap*) 0x000001d902876840, (CMBitMap*) 0x000001d902876808
 Prev Bits: [0x000001d920610000, 0x000001d923610000)
 Next Bits: [0x000001d91d610000, 0x000001d920610000)

Polling page: 0x000001d9020b0000

Metaspace:

Usage:
  Non-class:    100.12 MB capacity,    99.35 MB (>99%) used,   576.00 KB ( <1%) free+waste,   211.69 KB ( <1%) overhead. 
      Class:     15.42 MB capacity,    14.90 MB ( 97%) used,   442.29 KB (  3%) free+waste,    90.00 KB ( <1%) overhead. 
       Both:    115.53 MB capacity,   114.25 MB ( 99%) used,  1018.29 KB ( <1%) free+waste,   301.69 KB ( <1%) overhead. 

Virtual space:
  Non-class space:      104.00 MB reserved,     102.70 MB ( 99%) committed 
      Class space:        1.00 GB reserved,      16.75 MB (  2%) committed 
             Both:        1.10 GB reserved,     119.45 MB ( 11%) committed 

Chunk freelists:
   Non-Class:  2.58 MB
       Class:  1.33 MB
        Both:  3.92 MB

MaxMetaspaceSize: 17179869184.00 GB
CompressedClassSpaceSize: 1.00 GB

CodeHeap 'non-profiled nmethods': size=120000Kb used=26553Kb max_used=27902Kb free=93446Kb
 bounds [0x000001d914cc0000, 0x000001d916810000, 0x000001d91c1f0000]
CodeHeap 'profiled nmethods': size=120000Kb used=50243Kb max_used=51787Kb free=69757Kb
 bounds [0x000001d90d790000, 0x000001d910aa0000, 0x000001d914cc0000]
CodeHeap 'non-nmethods': size=5760Kb used=1763Kb max_used=1835Kb free=3996Kb
 bounds [0x000001d90d1f0000, 0x000001d90d460000, 0x000001d90d790000]
 total_blobs=22511 nmethods=21133 adapters=1280
 compilation: enabled
              stopped_count=0, restarted_count=0
 full_count=0

Compilation events (20 events):
Event: 10642.488 Thread 0x000001d902d28000 nmethod 27890 0x000001d90eb47610 code [0x000001d90eb477c0, 0x000001d90eb47978]
Event: 10642.490 Thread 0x000001d902d21800 nmethod 27885 0x000001d916804990 code [0x000001d916804b80, 0x000001d9168055a8]
Event: 10642.493 Thread 0x000001d902d28000 27891       3       ui.data.design.p::ceE (243 bytes)
Event: 10642.494 Thread 0x000001d902d21800 27894       4       javax.swing.AbstractListModel::addListDataListener (11 bytes)
Event: 10642.495 Thread 0x000001d902d21800 nmethod 27894 0x000001d914cc3910 code [0x000001d914cc3ac0, 0x000001d914cc3b68]
Event: 10642.496 Thread 0x000001d902d21800 27896       4       ui.views.o.a::az (102 bytes)
Event: 10642.497 Thread 0x000001d902d28000 nmethod 27891 0x000001d910a82310 code [0x000001d910a82d00, 0x000001d910a89c38]
Event: 10642.497 Thread 0x000001d902d28000 27898       3       ui.utils.swing.w.a::a (111 bytes)
Event: 10642.498 Thread 0x000001d902d28000 nmethod 27898 0x000001d910a8bb90 code [0x000001d910a8be40, 0x000001d910a8d108]
Event: 10642.498 Thread 0x000001d902d28000 27892       3       ui.data.design.p::ceA (57 bytes)
Event: 10642.499 Thread 0x000001d902d28000 nmethod 27892 0x000001d910a8d590 code [0x000001d910a8d880, 0x000001d910a8e9b8]
Event: 10642.499 Thread 0x000001d902d28000 27895       3       ui.views.o.g::EL (568 bytes)
Event: 10642.503 Thread 0x000001d902d28000 nmethod 27895 0x000001d910a8ef90 code [0x000001d910a8f700, 0x000001d910a946e8]
Event: 10642.503 Thread 0x000001d902d28000 27893       3       ui.views.o.L::a (133 bytes)
Event: 10642.505 Thread 0x000001d902d28000 nmethod 27893 0x000001d910a95f10 code [0x000001d910a964a0, 0x000001d910a9ade8]
Event: 10642.505 Thread 0x000001d902d28000 27899       1       ui.data.bt::aZe (5 bytes)
Event: 10642.505 Thread 0x000001d902d28000 nmethod 27899 0x000001d914cc3610 code [0x000001d914cc37c0, 0x000001d914cc3878]
Event: 10642.510 Thread 0x000001d902d21800 nmethod 27896 0x000001d914ffd890 code [0x000001d914ffdaa0, 0x000001d914ffece8]
Event: 10642.510 Thread 0x000001d902d21800 27897       4       com.jidesoft.tree.StyledTreeCellRenderer::getPreferredSize (29 bytes)
Event: 10642.511 Thread 0x000001d902d21800 nmethod 27897 0x000001d914d19410 code [0x000001d914d195c0, 0x000001d914d196e8]

GC Heap History (20 events):
Event: 9511.733 GC heap before
{Heap before GC invocations=291 (full 9):
 garbage-first heap   total 262144K, used 179198K [0x0000000740000000, 0x0000000800000000)
  region size 1024K, 60 young (61440K), 1 survivors (1024K)
 Metaspace       used 116938K, capacity 118242K, committed 122320K, reserved 1155072K
  class space    used 15253K, capacity 15786K, committed 17152K, reserved 1048576K
}
Event: 9511.736 GC heap after
{Heap after GC invocations=292 (full 9):
 garbage-first heap   total 262144K, used 118819K [0x0000000740000000, 0x0000000800000000)
  region size 1024K, 1 young (1024K), 1 survivors (1024K)
 Metaspace       used 116938K, capacity 118242K, committed 122320K, reserved 1155072K
  class space    used 15253K, capacity 15786K, committed 17152K, reserved 1048576K
}
Event: 9649.897 GC heap before
{Heap before GC invocations=292 (full 9):
 garbage-first heap   total 262144K, used 179235K [0x0000000740000000, 0x0000000800000000)
  region size 1024K, 60 young (61440K), 1 survivors (1024K)
 Metaspace       used 116938K, capacity 118242K, committed 122320K, reserved 1155072K
  class space    used 15253K, capacity 15786K, committed 17152K, reserved 1048576K
}
Event: 9649.901 GC heap after
{Heap after GC invocations=293 (full 9):
 garbage-first heap   total 262144K, used 118765K [0x0000000740000000, 0x0000000800000000)
  region size 1024K, 1 young (1024K), 1 survivors (1024K)
 Metaspace       used 116938K, capacity 118242K, committed 122320K, reserved 1155072K
  class space    used 15253K, capacity 15786K, committed 17152K, reserved 1048576K
}
Event: 9790.764 GC heap before
{Heap before GC invocations=294 (full 9):
 garbage-first heap   total 262144K, used 179181K [0x0000000740000000, 0x0000000800000000)
  region size 1024K, 60 young (61440K), 1 survivors (1024K)
 Metaspace       used 116938K, capacity 118242K, committed 122320K, reserved 1155072K
  class space    used 15253K, capacity 15786K, committed 17152K, reserved 1048576K
}
Event: 9790.766 GC heap after
{Heap after GC invocations=295 (full 9):
 garbage-first heap   total 262144K, used 118824K [0x0000000740000000, 0x0000000800000000)
  region size 1024K, 1 young (1024K), 1 survivors (1024K)
 Metaspace       used 116938K, capacity 118242K, committed 122320K, reserved 1155072K
  class space    used 15253K, capacity 15786K, committed 17152K, reserved 1048576K
}
Event: 9931.620 GC heap before
{Heap before GC invocations=295 (full 9):
 garbage-first heap   total 262144K, used 179240K [0x0000000740000000, 0x0000000800000000)
  region size 1024K, 60 young (61440K), 1 survivors (1024K)
 Metaspace       used 116938K, capacity 118242K, committed 122320K, reserved 1155072K
  class space    used 15253K, capacity 15786K, committed 17152K, reserved 1048576K
}
Event: 9931.626 GC heap after
{Heap after GC invocations=296 (full 9):
 garbage-first heap   total 262144K, used 118782K [0x0000000740000000, 0x0000000800000000)
  region size 1024K, 1 young (1024K), 1 survivors (1024K)
 Metaspace       used 116938K, capacity 118242K, committed 122320K, reserved 1155072K
  class space    used 15253K, capacity 15786K, committed 17152K, reserved 1048576K
}
Event: 10071.034 GC heap before
{Heap before GC invocations=297 (full 9):
 garbage-first heap   total 262144K, used 179198K [0x0000000740000000, 0x0000000800000000)
  region size 1024K, 60 young (61440K), 1 survivors (1024K)
 Metaspace       used 116938K, capacity 118242K, committed 122320K, reserved 1155072K
  class space    used 15253K, capacity 15786K, committed 17152K, reserved 1048576K
}
Event: 10071.037 GC heap after
{Heap after GC invocations=298 (full 9):
 garbage-first heap   total 262144K, used 118815K [0x0000000740000000, 0x0000000800000000)
  region size 1024K, 1 young (1024K), 1 survivors (1024K)
 Metaspace       used 116938K, capacity 118242K, committed 122320K, reserved 1155072K
  class space    used 15253K, capacity 15786K, committed 17152K, reserved 1048576K
}
Event: 10207.746 GC heap before
{Heap before GC invocations=298 (full 9):
 garbage-first heap   total 262144K, used 179231K [0x0000000740000000, 0x0000000800000000)
  region size 1024K, 60 young (61440K), 1 survivors (1024K)
 Metaspace       used 116938K, capacity 118242K, committed 122320K, reserved 1155072K
  class space    used 15253K, capacity 15786K, committed 17152K, reserved 1048576K
}
Event: 10207.751 GC heap after
{Heap after GC invocations=299 (full 9):
 garbage-first heap   total 262144K, used 118801K [0x0000000740000000, 0x0000000800000000)
  region size 1024K, 1 young (1024K), 1 survivors (1024K)
 Metaspace       used 116938K, capacity 118242K, committed 122320K, reserved 1155072K
  class space    used 15253K, capacity 15786K, committed 17152K, reserved 1048576K
}
Event: 10345.149 GC heap before
{Heap before GC invocations=300 (full 9):
 garbage-first heap   total 262144K, used 179217K [0x0000000740000000, 0x0000000800000000)
  region size 1024K, 60 young (61440K), 1 survivors (1024K)
 Metaspace       used 116938K, capacity 118242K, committed 122320K, reserved 1155072K
  class space    used 15253K, capacity 15786K, committed 17152K, reserved 1048576K
}
Event: 10345.154 GC heap after
{Heap after GC invocations=301 (full 9):
 garbage-first heap   total 262144K, used 118797K [0x0000000740000000, 0x0000000800000000)
  region size 1024K, 1 young (1024K), 1 survivors (1024K)
 Metaspace       used 116938K, capacity 118242K, committed 122320K, reserved 1155072K
  class space    used 15253K, capacity 15786K, committed 17152K, reserved 1048576K
}
Event: 10394.216 GC heap before
{Heap before GC invocations=301 (full 9):
 garbage-first heap   total 262144K, used 140301K [0x0000000740000000, 0x0000000800000000)
  region size 1024K, 23 young (23552K), 1 survivors (1024K)
 Metaspace       used 116938K, capacity 118242K, committed 122320K, reserved 1155072K
  class space    used 15253K, capacity 15786K, committed 17152K, reserved 1048576K
}
Event: 10394.328 GC heap after
{Heap after GC invocations=302 (full 10):
 garbage-first heap   total 262144K, used 117935K [0x0000000740000000, 0x0000000800000000)
  region size 1024K, 0 young (0K), 0 survivors (0K)
 Metaspace       used 116938K, capacity 118242K, committed 122320K, reserved 1155072K
  class space    used 15253K, capacity 15786K, committed 17152K, reserved 1048576K
}
Event: 10533.949 GC heap before
{Heap before GC invocations=302 (full 10):
 garbage-first heap   total 262144K, used 179375K [0x0000000740000000, 0x0000000800000000)
  region size 1024K, 60 young (61440K), 0 survivors (0K)
 Metaspace       used 116938K, capacity 118242K, committed 122320K, reserved 1155072K
  class space    used 15253K, capacity 15786K, committed 17152K, reserved 1048576K
}
Event: 10533.952 GC heap after
{Heap after GC invocations=303 (full 10):
 garbage-first heap   total 262144K, used 118497K [0x0000000740000000, 0x0000000800000000)
  region size 1024K, 1 young (1024K), 1 survivors (1024K)
 Metaspace       used 116938K, capacity 118242K, committed 122320K, reserved 1155072K
  class space    used 15253K, capacity 15786K, committed 17152K, reserved 1048576K
}
Event: 10638.751 GC heap before
{Heap before GC invocations=304 (full 10):
 garbage-first heap   total 262144K, used 178913K [0x0000000740000000, 0x0000000800000000)
  region size 1024K, 60 young (61440K), 1 survivors (1024K)
 Metaspace       used 116938K, capacity 118242K, committed 122320K, reserved 1155072K
  class space    used 15253K, capacity 15786K, committed 17152K, reserved 1048576K
}
Event: 10638.754 GC heap after
{Heap after GC invocations=305 (full 10):
 garbage-first heap   total 262144K, used 118518K [0x0000000740000000, 0x0000000800000000)
  region size 1024K, 1 young (1024K), 1 survivors (1024K)
 Metaspace       used 116938K, capacity 118242K, committed 122320K, reserved 1155072K
  class space    used 15253K, capacity 15786K, committed 17152K, reserved 1048576K
}

Deoptimization events (20 events):
Event: 8984.399 Thread 0x000001d92a210800 Uncommon trap: trap_request=0xffffffde fr.pc=0x000001d9167b26bc relative=0x0000000000000b3c
Event: 8984.399 Thread 0x000001d92a210800 Uncommon trap: reason=class_check action=maybe_recompile pc=0x000001d9167b26bc method=com.jidesoft.document.TdiGroup.a(Ljava/awt/Component;)Lcom/jidesoft/document/DocumentComponent; @ 10 c2
Event: 8984.399 Thread 0x000001d92a210800 DEOPT PACKING pc=0x000001d9167b26bc sp=0x000000697ddfa570
Event: 8984.399 Thread 0x000001d92a210800 DEOPT UNPACKING pc=0x000001d90d2168af sp=0x000000697ddfa508 mode 2
Event: 8984.399 Thread 0x000001d92a210800 Uncommon trap: trap_request=0xffffffde fr.pc=0x000001d9167b26bc relative=0x0000000000000b3c
Event: 8984.399 Thread 0x000001d92a210800 Uncommon trap: reason=class_check action=maybe_recompile pc=0x000001d9167b26bc method=com.jidesoft.document.TdiGroup.a(Ljava/awt/Component;)Lcom/jidesoft/document/DocumentComponent; @ 10 c2
Event: 8984.399 Thread 0x000001d92a210800 DEOPT PACKING pc=0x000001d9167b26bc sp=0x000000697ddfa560
Event: 8984.399 Thread 0x000001d92a210800 DEOPT UNPACKING pc=0x000001d90d2168af sp=0x000000697ddfa4f8 mode 2
Event: 8988.438 Thread 0x000001d92a210800 DEOPT PACKING pc=0x000001d90e6dceee sp=0x000000697ddfa240
Event: 8988.438 Thread 0x000001d92a210800 DEOPT UNPACKING pc=0x000001d90d21705e sp=0x000000697ddf9688 mode 0
Event: 9436.166 Thread 0x000001d929e6a000 Uncommon trap: trap_request=0xffffff4d fr.pc=0x000001d9151ed090 relative=0x0000000000000170
Event: 9436.166 Thread 0x000001d929e6a000 Uncommon trap: reason=unstable_if action=reinterpret pc=0x000001d9151ed090 method=java.util.concurrent.locks.ReentrantLock$Sync.nonfairTryAcquire(I)Z @ 19 c2
Event: 9436.166 Thread 0x000001d929e6a000 DEOPT PACKING pc=0x000001d9151ed090 sp=0x000000697d3fd560
Event: 9436.166 Thread 0x000001d929e6a000 DEOPT UNPACKING pc=0x000001d90d2168af sp=0x000000697d3fd490 mode 2
Event: 9444.679 Thread 0x000001d929e6a000 Uncommon trap: trap_request=0xffffff4d fr.pc=0x000001d9151ec730 relative=0x0000000000000190
Event: 9444.679 Thread 0x000001d929e6a000 Uncommon trap: reason=unstable_if action=reinterpret pc=0x000001d9151ec730 method=java.util.concurrent.locks.ReentrantLock$Sync.nonfairTryAcquire(I)Z @ 34 c2
Event: 9444.679 Thread 0x000001d929e6a000 DEOPT PACKING pc=0x000001d9151ec730 sp=0x000000697d3fd510
Event: 9444.679 Thread 0x000001d929e6a000 DEOPT UNPACKING pc=0x000001d90d2168af sp=0x000000697d3fd4b0 mode 2
Event: 10642.480 Thread 0x000001d92a210800 DEOPT PACKING pc=0x000001d90e82e9bc sp=0x000000697ddfa6e0
Event: 10642.480 Thread 0x000001d92a210800 DEOPT UNPACKING pc=0x000001d90d21705e sp=0x000000697ddf9c88 mode 0

Classes redefined (0 events):
No events

Internal exceptions (20 events):
Event: 3101.685 Thread 0x000001d92a210800 Exception <a 'java/lang/NoSuchMethodError'{0x000000074f28a508}: 'java.lang.Object java.lang.invoke.DirectMethodHandle$Holder.invokeSpecial(java.lang.Object, java.lang.Object, java.lang.Object, java.lang.Object, java.lang.Object, java.lang.Object, java.lang.Object, java.lang.Object, java.lang.Object)'> (0x000000074f28a508) thrown at [./src/hotspot/share/interpreter/linkResolver.cpp, line 773]
Event: 3101.686 Thread 0x000001d92a210800 Exception <a 'java/lang/NoSuchMethodError'{0x000000074f292778}: 'java.lang.Object java.lang.invoke.Invokers$Holder.linkToTargetMethod(java.lang.Object, java.lang.Object, java.lang.Object, java.lang.Object, java.lang.Object, java.lang.Object, java.lang.Object, java.lang.Object)'> (0x000000074f292778) thrown at [./src/hotspot/share/interpreter/linkResolver.cpp, line 773]
Event: 3101.687 Thread 0x000001d92a210800 Exception <a 'java/lang/NoSuchMethodError'{0x000000074f101730}: 'java.lang.Object java.lang.invoke.DirectMethodHandle$Holder.invokeSpecial(java.lang.Object, java.lang.Object, int, int, java.lang.Object, int, int, java.lang.Object, java.lang.Object)'> (0x000000074f101730) thrown at [./src/hotspot/share/interpreter/linkResolver.cpp, line 773]
Event: 3101.687 Thread 0x000001d92a210800 Exception <a 'java/lang/NoSuchMethodError'{0x000000074f105338}: 'java.lang.Object java.lang.invoke.DelegatingMethodHandle$Holder.reinvoke_L(java.lang.Object, int, int, java.lang.Object, int, int, java.lang.Object, java.lang.Object)'> (0x000000074f105338) thrown at [./src/hotspot/share/interpreter/linkResolver.cpp, line 773]
Event: 3101.688 Thread 0x000001d92a210800 Exception <a 'java/lang/NoSuchMethodError'{0x000000074f150728}: 'java.lang.Object java.lang.invoke.DirectMethodHandle$Holder.invokeSpecial(java.lang.Object, java.lang.Object, java.lang.Object, int, int, java.lang.Object, java.lang.Object)'> (0x000000074f150728) thrown at [./src/hotspot/share/interpreter/linkResolver.cpp, line 773]
Event: 3101.688 Thread 0x000001d92a210800 Exception <a 'java/lang/NoSuchMethodError'{0x000000074f157988}: 'java.lang.Object java.lang.invoke.Invokers$Holder.linkToTargetMethod(java.lang.Object, int, int, java.lang.Object, java.lang.Object, java.lang.Object)'> (0x000000074f157988) thrown at [./src/hotspot/share/interpreter/linkResolver.cpp, line 773]
Event: 3103.837 Thread 0x000001d92a210800 Exception <a 'java/lang/NoSuchMethodError'{0x000000074da507a0}: 'java.lang.Object java.lang.invoke.DelegatingMethodHandle$Holder.reinvoke_L(java.lang.Object, java.lang.Object, int, int, java.lang.Object, java.lang.Object, int, int, int, int)'> (0x000000074da507a0) thrown at [./src/hotspot/share/interpreter/linkResolver.cpp, line 773]
Event: 3103.838 Thread 0x000001d92a210800 Exception <a 'java/lang/NoSuchMethodError'{0x000000074daad3f0}: 'java.lang.Object java.lang.invoke.DirectMethodHandle$Holder.invokeSpecial(java.lang.Object, java.lang.Object, int, int, int, java.lang.Object, java.lang.Object, int, int, int, int)'> (0x000000074daad3f0) thrown at [./src/hotspot/share/interpreter/linkResolver.cpp, line 773]
Event: 3103.838 Thread 0x000001d92a210800 Exception <a 'java/lang/NoSuchMethodError'{0x000000074dab0e30}: 'java.lang.Object java.lang.invoke.DelegatingMethodHandle$Holder.reinvoke_L(java.lang.Object, int, int, int, java.lang.Object, java.lang.Object, int, int, int, int)'> (0x000000074dab0e30) thrown at [./src/hotspot/share/interpreter/linkResolver.cpp, line 773]
Event: 3103.839 Thread 0x000001d92a210800 Exception <a 'java/lang/NoSuchMethodError'{0x000000074dac9f08}: 'java.lang.Object java.lang.invoke.Invokers$Holder.linkToTargetMethod(java.lang.Object, java.lang.Object, int, int, int, int, java.lang.Object)'> (0x000000074dac9f08) thrown at [./src/hotspot/share/interpreter/linkResolver.cpp, line 773]
Event: 3104.035 Thread 0x000001d92a210800 Implicit null exception at 0x000001d915e35050 to 0x000001d915e350d9
Event: 3104.581 Thread 0x000001d92a210800 Implicit null exception at 0x000001d9165cca50 to 0x000001d9165d15b4
Event: 3104.937 Thread 0x000001d92a210800 Implicit null exception at 0x000001d91554aef3 to 0x000001d91554b0b5
Event: 3110.355 Thread 0x000001d92a210800 Implicit null exception at 0x000001d9166ab3e2 to 0x000001d9166ac5c8
Event: 3188.961 Thread 0x000001d92a210800 Implicit null exception at 0x000001d91648911d to 0x000001d9164896f8
Event: 3190.995 Thread 0x000001d92a210800 Implicit null exception at 0x000001d914f6d376 to 0x000001d914f6d68f
Event: 3190.995 Thread 0x000001d92a210800 Implicit null exception at 0x000001d91511bbf6 to 0x000001d91511befb
Event: 8526.440 Thread 0x000001d92a210800 Implicit null exception at 0x000001d916337b29 to 0x000001d916337e5c
Event: 8981.913 Thread 0x000001d92a210800 Implicit null exception at 0x000001d91663b3c0 to 0x000001d91663f828
Event: 8981.946 Thread 0x000001d92a210800 Implicit null exception at 0x000001d915dadfea to 0x000001d915daf2e8

Events (20 events):
Event: 10642.524 Thread 0x000001d902d30000 flushing nmethod 0x000001d9101b0990
Event: 10642.524 Thread 0x000001d902d30000 flushing nmethod 0x000001d9101f0f10
Event: 10642.524 Thread 0x000001d902d30000 flushing nmethod 0x000001d9101f3810
Event: 10642.524 Thread 0x000001d902d30000 flushing nmethod 0x000001d91029ee10
Event: 10642.525 Thread 0x000001d902d30000 flushing nmethod 0x000001d9103cd690
Event: 10642.525 Thread 0x000001d902d30000 flushing nmethod 0x000001d91051e210
Event: 10642.525 Thread 0x000001d902d30000 flushing nmethod 0x000001d910521d10
Event: 10642.525 Thread 0x000001d902d30000 flushing nmethod 0x000001d910522890
Event: 10642.525 Thread 0x000001d902d30000 flushing nmethod 0x000001d910527a10
Event: 10642.525 Thread 0x000001d902d30000 flushing nmethod 0x000001d91052f190
Event: 10642.525 Thread 0x000001d902d30000 flushing nmethod 0x000001d910530e90
Event: 10642.525 Thread 0x000001d902d30000 flushing nmethod 0x000001d910548e90
Event: 10642.525 Thread 0x000001d902d30000 flushing nmethod 0x000001d910570310
Event: 10642.525 Thread 0x000001d902d30000 flushing nmethod 0x000001d910572210
Event: 10642.525 Thread 0x000001d902d30000 flushing nmethod 0x000001d91058d710
Event: 10642.526 Thread 0x000001d902d30000 flushing nmethod 0x000001d910605590
Event: 10642.526 Thread 0x000001d902d30000 flushing nmethod 0x000001d91060b190
Event: 10642.526 Thread 0x000001d902d30000 flushing nmethod 0x000001d9106e3910
Event: 10642.526 Thread 0x000001d902d30000 flushing nmethod 0x000001d910700590
Event: 10642.526 Thread 0x000001d902d30000 flushing nmethod 0x000001d91070a710


Dynamic libraries:
0x00007ff635020000 - 0x00007ff635051000 	D:\ruanjian\Vivado\2021.2\bin\unwrapped\win64.o\vivado.exe
0x00007ff89efd0000 - 0x00007ff89f1c8000 	C:\WINDOWS\SYSTEM32\ntdll.dll
0x00007ff89d2d0000 - 0x00007ff89d38d000 	C:\WINDOWS\System32\KERNEL32.DLL
0x00007ff89cab0000 - 0x00007ff89cd7e000 	C:\WINDOWS\System32\KERNELBASE.dll
0x00007ff89c9b0000 - 0x00007ff89cab0000 	C:\WINDOWS\System32\ucrtbase.dll
0x00007ff88fbe0000 - 0x00007ff88fbfb000 	C:\WINDOWS\SYSTEM32\VCRUNTIME140.dll
0x00007ff88fc00000 - 0x00007ff88fc8e000 	C:\WINDOWS\SYSTEM32\MSVCP140.dll
0x00007ff82e630000 - 0x00007ff82f8fa000 	D:\ruanjian\Vivado\2021.2\lib\win64.o\librdi_common.dll
0x00007ff891fb0000 - 0x00007ff891fc8000 	D:\ruanjian\Vivado\2021.2\lib\win64.o\librdi_commonmain.dll
0x00007ff89e370000 - 0x00007ff89e510000 	C:\WINDOWS\System32\USER32.dll
0x00007ff88f9a0000 - 0x00007ff88f9ac000 	C:\WINDOWS\SYSTEM32\VCRUNTIME140_1.dll
0x00007ff89ce90000 - 0x00007ff89ceb2000 	C:\WINDOWS\System32\win32u.dll
0x00007ff89e510000 - 0x00007ff89e53a000 	C:\WINDOWS\System32\GDI32.dll
0x00007ff85c1e0000 - 0x00007ff85c54e000 	D:\ruanjian\Vivado\2021.2\lib\win64.o\libCOIN-all.dll
0x00007ff89cd80000 - 0x00007ff89ce8b000 	C:\WINDOWS\System32\gdi32full.dll
0x00007ff89c910000 - 0x00007ff89c9ad000 	C:\WINDOWS\System32\msvcp_win.dll
0x00007ff87b360000 - 0x00007ff87b381000 	D:\ruanjian\Vivado\2021.2\lib\win64.o\libboost_filesystem.dll
0x00007ff883df0000 - 0x00007ff883e01000 	D:\ruanjian\Vivado\2021.2\lib\win64.o\libboost_date_time.dll
0x00007ff89db60000 - 0x00007ff89dc0e000 	C:\WINDOWS\System32\ADVAPI32.dll
0x00007ff89dc10000 - 0x00007ff89e354000 	C:\WINDOWS\System32\SHELL32.dll
0x00007ff89d5f0000 - 0x00007ff89d68e000 	C:\WINDOWS\System32\msvcrt.dll
0x00007ff89d7b0000 - 0x00007ff89d84c000 	C:\WINDOWS\System32\sechost.dll
0x00007ff89d390000 - 0x00007ff89d4b5000 	C:\WINDOWS\System32\RPCRT4.dll
0x00007ff89daf0000 - 0x00007ff89db5b000 	C:\WINDOWS\System32\WS2_32.dll
0x00007ff869a00000 - 0x00007ff869a79000 	D:\ruanjian\Vivado\2021.2\lib\win64.o\libboost_program_options.dll
0x00007ff89c8e0000 - 0x00007ff89c907000 	C:\WINDOWS\System32\bcrypt.dll
0x00007ff85fe30000 - 0x00007ff85ff44000 	D:\ruanjian\Vivado\2021.2\lib\win64.o\libboost_regex.dll
0x00007ff8808f0000 - 0x00007ff88090c000 	D:\ruanjian\Vivado\2021.2\lib\win64.o\libboost_thread.dll
0x00007ff892050000 - 0x00007ff89205c000 	D:\ruanjian\Vivado\2021.2\lib\win64.o\libboost_xilinx.dll
0x00007ff860990000 - 0x00007ff860a12000 	D:\ruanjian\Vivado\2021.2\lib\win64.o\libhdlpsolve.dll
0x00007ff860610000 - 0x00007ff8606b5000 	D:\ruanjian\Vivado\2021.2\lib\win64.o\libhdxml.dll
0x00007ff82d680000 - 0x00007ff82e62f800 	D:\ruanjian\Vivado\2021.2\lib\win64.o\libisl_iostreams.dll
0x00007ff879af0000 - 0x00007ff879b1a000 	D:\ruanjian\Vivado\2021.2\lib\win64.o\libisl_sysinfo.dll
0x00007ff8676b0000 - 0x00007ff867715000 	D:\ruanjian\Vivado\2021.2\lib\win64.o\liblmx6.0.dll
0x00007ff880840000 - 0x00007ff88085a000 	D:\ruanjian\Vivado\2021.2\lib\win64.o\pthreadVC2.dll
0x00007ff85fa60000 - 0x00007ff85fc00000 	D:\ruanjian\Vivado\2021.2\lib\win64.o\librdi_commonxillic.dll
0x00007ff879ad0000 - 0x00007ff879aec000 	D:\ruanjian\Vivado\2021.2\lib\win64.o\librdiconfig.dll
0x00007ff89d140000 - 0x00007ff89d195000 	C:\WINDOWS\System32\SHLWAPI.dll
0x00007ff8797a0000 - 0x00007ff8797c1000 	D:\ruanjian\Vivado\2021.2\lib\win64.o\librdizlib.dll
0x0000000053ea0000 - 0x0000000053fcb000 	D:\ruanjian\Vivado\2021.2\lib\win64.o\tcl85t.dll
0x00007ff850f30000 - 0x00007ff8511f1000 	D:\ruanjian\Vivado\2021.2\lib\win64.o\xerces-c_3_2.dll
0x00007ff892220000 - 0x00007ff892229000 	D:\ruanjian\Vivado\2021.2\lib\win64.o\librdi_commonversion.dll
0x00007ff89b590000 - 0x00007ff89b5aa000 	C:\WINDOWS\SYSTEM32\NETAPI32.dll
0x00007ff88bf20000 - 0x00007ff88c3f6000 	C:\WINDOWS\SYSTEM32\WININET.dll
0x00007ff88e3c0000 - 0x00007ff88e5ac000 	C:\WINDOWS\SYSTEM32\urlmon.dll
0x00007ff896890000 - 0x00007ff89699a000 	C:\WINDOWS\SYSTEM32\WINHTTP.dll
0x00007ff82b760000 - 0x00007ff82d677000 	D:\ruanjian\Vivado\2021.2\lib\win64.o\gurobi90.dll
0x00007ff89c6f0000 - 0x00007ff89c846000 	C:\WINDOWS\System32\CRYPT32.dll
0x00007ff88ce80000 - 0x00007ff88ce89000 	C:\WINDOWS\SYSTEM32\WSOCK32.dll
0x00007ff89d4c0000 - 0x00007ff89d516000 	C:\WINDOWS\System32\WLDAP32.dll
0x00007ff873780000 - 0x00007ff8737b1000 	C:\WINDOWS\SYSTEM32\VCOMP140.DLL
0x00007ff89d940000 - 0x00007ff89d948000 	C:\WINDOWS\System32\Normaliz.dll
0x00007ff86d900000 - 0x00007ff86d924000 	D:\ruanjian\Vivado\2021.2\lib\win64.o\libisl_iosutils.dll
0x00007ff84f420000 - 0x00007ff84f736000 	D:\ruanjian\Vivado\2021.2\lib\win64.o\libXil_lmgr11.dll
0x00007ff873760000 - 0x00007ff873778000 	D:\ruanjian\Vivado\2021.2\lib\win64.o\libboost_iostreams.dll
0x00007ff89d850000 - 0x00007ff89d92a000 	C:\WINDOWS\System32\COMDLG32.dll
0x00007ff89e610000 - 0x00007ff89e964000 	C:\WINDOWS\System32\combase.dll
0x00007ff89e560000 - 0x00007ff89e60d000 	C:\WINDOWS\System32\shcore.dll
0x00007ff890220000 - 0x00007ff890248000 	C:\WINDOWS\SYSTEM32\srvcli.dll
0x00007ff88da40000 - 0x00007ff88dcf1000 	C:\WINDOWS\SYSTEM32\iertutil.dll
0x00007ff89d520000 - 0x00007ff89d5ed000 	C:\WINDOWS\System32\OLEAUT32.dll
0x00007ff89bb90000 - 0x00007ff89bb9c000 	C:\WINDOWS\SYSTEM32\netutils.dll
0x00007ff89d1a0000 - 0x00007ff89d2ca000 	C:\WINDOWS\System32\ole32.dll
0x00007ff89cf10000 - 0x00007ff89cf77000 	C:\WINDOWS\System32\WINTRUST.dll
0x00007ff881730000 - 0x00007ff8817e0000 	C:\WINDOWS\WinSxS\amd64_microsoft.windows.common-controls_6595b64144ccf1df_5.82.19041.1110_none_792d1c772443f647\COMCTL32.dll
0x00007ff895f70000 - 0x00007ff895f8d000 	C:\WINDOWS\SYSTEM32\dhcpcsvc.DLL
0x00007ff89c5f0000 - 0x00007ff89c61e000 	C:\WINDOWS\SYSTEM32\USERENV.dll
0x00007ff89beb0000 - 0x00007ff89bf1a000 	C:\WINDOWS\SYSTEM32\MSWSOCK.DLL
0x00007ff89d030000 - 0x00007ff89d060000 	C:\WINDOWS\System32\IMM32.DLL
0x00007ff89c2e0000 - 0x00007ff89c2f2000 	C:\WINDOWS\SYSTEM32\MSASN1.dll
0x00007ff89b4b0000 - 0x00007ff89b4c2000 	C:\WINDOWS\SYSTEM32\kernel.appcore.dll
0x00007ff846470000 - 0x00007ff8469a3000 	D:\ruanjian\Vivado\2021.2\lib\win64.o\librdi_commontasks.dll
0x00007ff89b550000 - 0x00007ff89b55a000 	C:\WINDOWS\SYSTEM32\VERSION.dll
0x00007ff840cd0000 - 0x00007ff84181d000 	D:\ruanjian\Vivado\2021.2\tps\win64\jre11.0.11_9\bin\server\jvm.dll
0x00007ff84f0f0000 - 0x00007ff84f415a00 	D:\ruanjian\Vivado\2021.2\lib\win64.o\librdi_sio.dll
0x00007ff89bb50000 - 0x00007ff89bb8b000 	C:\WINDOWS\SYSTEM32\IPHLPAPI.DLL
0x00007ff89e360000 - 0x00007ff89e368000 	C:\WINDOWS\System32\PSAPI.DLL
0x00007ff890ec0000 - 0x00007ff890ee7000 	C:\WINDOWS\SYSTEM32\WINMM.dll
0x00007ff883c60000 - 0x00007ff883c77000 	C:\WINDOWS\system32\napinsp.dll
0x00007ff883c40000 - 0x00007ff883c5b000 	C:\WINDOWS\system32\pnrpnsp.dll
0x00007ff883bc0000 - 0x00007ff883bd5000 	C:\WINDOWS\system32\wshbth.dll
0x00007ff897f50000 - 0x00007ff897f6d000 	C:\WINDOWS\system32\NLAapi.dll
0x00007ff89bba0000 - 0x00007ff89bc6b000 	C:\WINDOWS\SYSTEM32\DNSAPI.dll
0x00007ff89d930000 - 0x00007ff89d938000 	C:\WINDOWS\System32\NSI.dll
0x00007ff883590000 - 0x00007ff8835a2000 	C:\WINDOWS\System32\winrnr.dll
0x0000000055d50000 - 0x0000000055d76000 	C:\Program Files\Bonjour\mdnsNSP.dll
0x0000000055cb0000 - 0x0000000055cba000 	C:\Program Files\National Instruments\Shared\mDNS Responder\nimdnsNSP.dll
0x0000000055ca0000 - 0x0000000055cb0000 	C:\WINDOWS\SYSTEM32\nimdnsResponder.dll
0x00007ff89a600000 - 0x00007ff89ad94000 	C:\WINDOWS\SYSTEM32\windows.storage.dll
0x00007ff89c150000 - 0x00007ff89c180000 	C:\WINDOWS\SYSTEM32\Wldp.dll
0x00007ff827550000 - 0x00007ff82a15c000 	D:\ruanjian\Vivado\2021.2\lib\win64.o\librdi_tcltasks.dll
0x00007ff862040000 - 0x00007ff862084000 	D:\ruanjian\Vivado\2021.2\lib\win64.o\libboost_serialization.dll
0x00007ff82b290000 - 0x00007ff82b758000 	D:\ruanjian\Vivado\2021.2\lib\win64.o\librdi_bitstream.dll
0x00007ff860730000 - 0x00007ff8607b0000 	D:\ruanjian\Vivado\2021.2\lib\win64.o\librdi_boarddep.dll
0x00007ff85c020000 - 0x00007ff85c1dd000 	D:\ruanjian\Vivado\2021.2\lib\win64.o\librdi_board.dll
0x00007ff846270000 - 0x00007ff846467000 	D:\ruanjian\Vivado\2021.2\lib\win64.o\librdi_chipscopeimpl.dll
0x00007ff8255e0000 - 0x00007ff827546000 	D:\ruanjian\Vivado\2021.2\lib\win64.o\librdi_constraints.dll
0x00007ff852ac0000 - 0x00007ff852be7000 	D:\ruanjian\Vivado\2021.2\lib\win64.o\librdi_chipscope.dll
0x00007ff8488e0000 - 0x00007ff848a42000 	D:\ruanjian\Vivado\2021.2\lib\win64.o\librdi_containers.dll
0x00007ff8230e0000 - 0x00007ff8255d2000 	D:\ruanjian\Vivado\2021.2\lib\win64.o\librdi_coregen.dll
0x00007ff82ab70000 - 0x00007ff82b290000 	D:\ruanjian\Vivado\2021.2\lib\win64.o\librdi_coregenipxact.dll
0x00007ff801ac0000 - 0x00007ff821182000 	D:\ruanjian\Vivado\2021.2\lib\win64.o\librdi_device.dll
0x00007ff821190000 - 0x00007ff8230d8000 	D:\ruanjian\Vivado\2021.2\lib\win64.o\librdi_designutils.dll
0x00007ff801420000 - 0x00007ff801abe000 	D:\ruanjian\Vivado\2021.2\lib\win64.o\librdi_drc.dll
0x00007ff85ef70000 - 0x00007ff85f025000 	D:\ruanjian\Vivado\2021.2\lib\win64.o\librdi_dsp.dll
0x00007ff82a800000 - 0x00007ff82ab68000 	D:\ruanjian\Vivado\2021.2\lib\win64.o\librdi_dlyest.dll
0x00007ff800da0000 - 0x00007ff80141e000 	D:\ruanjian\Vivado\2021.2\lib\win64.o\librdi_filemgmt.dll
0x00007ff800a70000 - 0x00007ff800d94000 	D:\ruanjian\Vivado\2021.2\lib\win64.o\librdi_guitools.dll
0x00007ff85f660000 - 0x00007ff85f6c9000 	D:\ruanjian\Vivado\2021.2\lib\win64.o\librdi_hdf.dll
0x00007ff82a550000 - 0x00007ff82a7ff000 	D:\ruanjian\Vivado\2021.2\lib\win64.o\librdi_hip_devdesign.dll
0x00007ff84efa0000 - 0x00007ff84f0e7000 	D:\ruanjian\Vivado\2021.2\lib\win64.o\librdi_hip_perf_analysis.dll
0x00007fffff280000 - 0x00007ffffffeb000 	D:\ruanjian\Vivado\2021.2\lib\win64.o\librdi_implflow.dll
0x00007ff800370000 - 0x00007ff800a64000 	D:\ruanjian\Vivado\2021.2\lib\win64.o\librdi_lopt.dll
0x00007ff854480000 - 0x00007ff854596000 	D:\ruanjian\Vivado\2021.2\lib\win64.o\librdi_ipconfig_readwrite.dll
0x00007ffffec30000 - 0x00007fffff280000 	D:\ruanjian\Vivado\2021.2\lib\win64.o\librdi_memdata.dll
0x00007ff85de50000 - 0x00007ff85dec3000 	D:\ruanjian\Vivado\2021.2\lib\win64.o\librdi_memoryarray.dll
0x00007ffffc720000 - 0x00007ffffec2b000 	D:\ruanjian\Vivado\2021.2\lib\win64.o\librdi_mig.dll
0x00007ffffbfe0000 - 0x00007ffffc71b000 	D:\ruanjian\Vivado\2021.2\lib\win64.o\librdi_netlist.dll
0x00007ff85d7f0000 - 0x00007ff85d863000 	D:\ruanjian\Vivado\2021.2\lib\win64.o\librdi_noc_frameworks.dll
0x00007ff85fa00000 - 0x00007ff85fa57000 	D:\ruanjian\Vivado\2021.2\lib\win64.o\librdi_pfi.dll
0x00007ffff91f0000 - 0x00007ffffbfd2000 	D:\ruanjian\Vivado\2021.2\lib\win64.o\librdi_place.dll
0x00007ffff8e00000 - 0x00007ffff91f0000 	D:\ruanjian\Vivado\2021.2\lib\win64.o\librdi_platform.dll
0x00007ffff8540000 - 0x00007ffff8df9000 	D:\ruanjian\Vivado\2021.2\lib\win64.o\librdi_power.dll
0x00007ffff7e50000 - 0x00007ffff8533000 	D:\ruanjian\Vivado\2021.2\lib\win64.o\librdi_project.dll
0x00007ffff7720000 - 0x00007ffff7e4c000 	D:\ruanjian\Vivado\2021.2\lib\win64.o\librdi_psta.dll
0x00007ffff6e60000 - 0x00007ffff771e000 	D:\ruanjian\Vivado\2021.2\lib\win64.o\librdi_rsb.dll
0x00007ffff6920000 - 0x00007ffff6e5f000 	D:\ruanjian\Vivado\2021.2\lib\win64.o\librdi_runs.dll
0x00007ff846150000 - 0x00007ff846267000 	D:\ruanjian\Vivado\2021.2\lib\win64.o\librdi_runsbase.dll

dbghelp: loaded successfully - version: 4.0.5 - missing functions: none
symbol engine: initialized successfully - sym options: 0x614 - pdb path: .;D:\ruanjian\Vivado\2021.2\bin\unwrapped\win64.o;C:\WINDOWS\SYSTEM32;D:\ruanjian\Vivado\2021.2\lib\win64.o;C:\WINDOWS\WinSxS\amd64_microsoft.windows.common-controls_6595b64144ccf1df_5.82.19041.1110_none_792d1c772443f647;D:\ruanjian\Vivado\2021.2\tps\win64\jre11.0.11_9\bin\server;C:\Program Files\Bonjour;C:\Program Files\National Instruments\Shared\mDNS Responder;D:\python_38;D:\ruanjian\Vivado\2021.2\tps\win64\jre11.0.11_9\bin;C:\WINDOWS\WinSxS\amd64_microsoft.windows.common-controls_6595b64144ccf1df_6.0.19041.1110_none_60b5254171f9507e

VM Arguments:
jvm_args: -Dsun.java2d.pmoffscreen=false -Dhttps.protocols=TLSv1,TLSv1.1,TLSv1.2 -Dsun.java2d.xrender=false -Dsun.java2d.d3d=false -Dsun.awt.nopixfmt=true -Dsun.java2d.dpiaware=true -Dsun.java2d.uiScale.enabled=false -Xverify:none -Dswing.aatext=true -XX:-UsePerfData -Djdk.map.althashing.threshold=512 -XX:StringTableSize=4072 --add-opens=java.base/java.nio=ALL-UNNAMED --add-opens=java.desktop/sun.swing=ALL-UNNAMED --add-opens=java.desktop/javax.swing=ALL-UNNAMED --add-opens=java.desktop/javax.swing.tree=ALL-UNNAMED --add-opens=java.desktop/javax.swing.plaf.basic=ALL-UNNAMED --add-opens=java.desktop/javax.swing.plaf.synth=ALL-UNNAMED --add-opens=java.desktop/com.sun.awt=ALL-UNNAMED -XX:NewSize=60m -XX:MaxNewSize=60m -Xms256m -Xmx3072m -Xss5m 
java_command: <unknown>
java_class_path (initial): D:/ruanjian/Vivado/2021.2\lib\classes\alloy.jar;D:/ruanjian/Vivado/2021.2\lib\classes\autoesl-models.jar;D:/ruanjian/Vivado/2021.2\lib\classes\batik-anim.jar;D:/ruanjian/Vivado/2021.2\lib\classes\batik-awt-util.jar;D:/ruanjian/Vivado/2021.2\lib\classes\batik-bridge.jar;D:/ruanjian/Vivado/2021.2\lib\classes\batik-codec.jar;D:/ruanjian/Vivado/2021.2\lib\classes\batik-css.jar;D:/ruanjian/Vivado/2021.2\lib\classes\batik-dom.jar;D:/ruanjian/Vivado/2021.2\lib\classes\batik-ext.jar;D:/ruanjian/Vivado/2021.2\lib\classes\batik-gui-util.jar;D:/ruanjian/Vivado/2021.2\lib\classes\batik-gvt.jar;D:/ruanjian/Vivado/2021.2\lib\classes\batik-parser.jar;D:/ruanjian/Vivado/2021.2\lib\classes\batik-script.jar;D:/ruanjian/Vivado/2021.2\lib\classes\batik-svg-dom.jar;D:/ruanjian/Vivado/2021.2\lib\classes\batik-svggen.jar;D:/ruanjian/Vivado/2021.2\lib\classes\batik-swing.jar;D:/ruanjian/Vivado/2021.2\lib\classes\batik-transcoder.jar;D:/ruanjian/Vivado/2021.2\lib\classes\batik-util.jar;D:/ruanjian/Vivado/2021.2\lib\classes\batik-xml.jar;D:/ruanjian/Vivado/2021.2\lib\classes\com.google.gson_2.8.2.v20180104-1110.jar;D:/ruanjian/Vivado/2021.2\lib\classes\com.google.guava_27.1.0.v20190517-1946.jar;D:/ruanjian/Vivado/2021.2\lib\classes\com.sigasi.hdt.connection_4.11.0.202105170810.jar;D:/ruanjian/Vivado/2021.2\lib\classes\com.sigasi.hdt.epl_4.11.0.202105170810.jar;D:/ruanjian/Vivado/2021.2\lib\classes\com.sigasi.hdt.project_4.11.0.202105170810.jar;D:/ruanjian/Vivado/2021.2\lib\classes\com.sigasi.hdt.readonlyfilesystem_4.11.0.202105170810.jar;D:/ruanjian/Vivado/2021.2\lib\classes\com.sigasi.hdt.shared_4.11.0.202105170810.jar;D:/ruanjian/Vivado/2021.2\lib\classes\com.sigasi.lcm_4.11.0.202105170810.jar;D:/ruanjian/Vivado/2021.2\lib\classes\com.sigasi.sdk.client_4.11.0.202105170810.jar;D:/ruanjian/Vivado/2021.2\lib\classes\commons-collections4-4.1.jar;D:/ruanjian/Vivado/2021.2\lib\classes\commons-io-2.6.jar;D:/ruanjian/Vivado/2021.2\lib\classes\commons-math-2.2.jar;D:/ru
Launcher Type: generic

[Global flags]
     bool BytecodeVerificationLocal                = false                                     {product} {command line}
     bool BytecodeVerificationRemote               = false                                     {product} {command line}
     intx CICompilerCount                          = 4                                         {product} {ergonomic}
     uint ConcGCThreads                            = 2                                         {product} {ergonomic}
     uint G1ConcRefinementThreads                  = 8                                         {product} {ergonomic}
   size_t G1HeapRegionSize                         = 1048576                                   {product} {ergonomic}
    uintx GCDrainStackTargetSize                   = 64                                        {product} {ergonomic}
   size_t InitialHeapSize                          = 268435456                                 {product} {command line}
   size_t MarkStackSize                            = 4194304                                   {product} {ergonomic}
   size_t MaxHeapSize                              = 3221225472                                {product} {command line}
   size_t MaxNewSize                               = 62914560                                  {product} {command line}
   size_t MinHeapDeltaBytes                        = 1048576                                   {product} {ergonomic}
   size_t NewSize                                  = 62914560                                  {product} {command line}
    uintx NonNMethodCodeHeapSize                   = 5836300                                {pd product} {ergonomic}
    uintx NonProfiledCodeHeapSize                  = 122910970                              {pd product} {ergonomic}
    uintx ProfiledCodeHeapSize                     = 122910970                              {pd product} {ergonomic}
    uintx ReservedCodeCacheSize                    = 251658240                              {pd product} {ergonomic}
     bool SegmentedCodeCache                       = true                                      {product} {ergonomic}
    uintx StringTableSize                          = 4072                                      {product} {command line}
     intx ThreadStackSize                          = 5120                                   {pd product} {command line}
     bool UseCompressedClassPointers               = true                                 {lp64_product} {ergonomic}
     bool UseCompressedOops                        = true                                 {lp64_product} {ergonomic}
     bool UseG1GC                                  = true                                      {product} {ergonomic}
     bool UseLargePagesIndividualAllocation        = false                                  {pd product} {ergonomic}
     bool UsePerfData                              = false                                     {product} {command line}

Logging:
Log output configuration:
 #0: stdout all=warning uptime,level,tags
 #1: stderr all=off uptime,level,tags

Environment Variables:
JAVA_HOME=D:\java_JDK17
PATH=D:/ruanjian/Vivado/2021.2/bin;D:/ruanjian/Vivado/2021.2/tps/win64/javafx-sdk-11.0.2/lib;D:/ruanjian/Vivado/2021.2/tps/win64/javafx-sdk-11.0.2/bin;D:/ruanjian/Vivado/2021.2/lib/win64.o;D:/ruanjian/Vivado/2021.2/tps/win64/jre11.0.11_9/bin/server;D:/ruanjian/Vivado/2021.2/tps/win64/jre11.0.11_9/bin;D:/ruanjian/Vivado/2021.2/ids_lite/ISE/bin/nt64;D:/ruanjian/Vivado/2021.2/ids_lite/ISE/lib/nt64;D:/ruanjian/Vitis_HLS/2021.2/bin;C:\Program Files\NVIDIA GPU Computing Toolkit\CUDA\v11.6\bin;C:\Program Files\NVIDIA GPU Computing Toolkit\CUDA\v11.6\libnvvp;D:\python_38\Scripts\;D:\python_38\;D:\Python_310\Scripts\;D:\Python_310\;D:\python310;D:\python310\Scripts;D:\Program Files\Git\cmd;D:\Program Files\;D:\java_JDK17\bin;C:\Program Files\dotnet\;C:\Program Files\NVIDIA Corporation\Nsight Compute 2022.1.1\;C:\Program Files (x86)\NVIDIA Corporation\PhysX\Common;C:\Program Files\NVIDIA Corporation\NVIDIA NvDLISR;D:\Matlab\bin;C:\Windows\System32;D:\Scripts\;D:\;D:\java_JDK17\jre\bin;C:\Program Files\Common Files\Oracle\Java\javapath;C:\Users\孙宇欣\AppData\Roaming\npm;D:\IntelliJ IDEA 2022.2.1\bin;D:\Python_310\Lib\site-packages\pyqt5_tools;D:/ruanjian/Vivado/2021.2\tps\mingw\6.2.0\win64.o\nt\bin;D:/ruanjian/Vivado/2021.2\tps\mingw\6.2.0\win64.o\nt\libexec\gcc\x86_64-w64-mingw32\6.2.0;D:/ruanjian/Vivado/2021.2\tps\win64\python-3.8.3;D:/ruanjian/Vivado/2021.2\tps\win64\python-3.8.3\bin;D:/ruanjian/Vivado/2021.2\tps\win64\python-3.8.3\lib;D:/ruanjian/Vivado/2021.2\tps\win64\python-3.8.3\lib\site-packages
USERNAME=Yuxin Sun
OS=Windows_NT
PROCESSOR_IDENTIFIER=Intel64 Family 6 Model 158 Stepping 10, GenuineIntel



---------------  S Y S T E M  ---------------

OS: Windows 10 , 64 bit Build 19041 (10.0.19041.1806)
OS uptime: 4 days 11:47 hours

CPU:total 8 (initial active 8) (4 cores per cpu, 2 threads per core) family 6 model 158 stepping 10 microcode 0xd2, cmov, cx8, fxsr, mmx, sse, sse2, sse3, ssse3, sse4.1, sse4.2, popcnt, avx, avx2, aes, clmul, erms, 3dnowpref, lzcnt, ht, tsc, tscinvbit, bmi1, bmi2, adx, fma

Memory: 4k page, system-wide physical 16239M (6838M free)
TotalPageFile size 24345M (AvailPageFile size 2968M)
current process WorkingSet (physical memory assigned to process): 659M, peak: 3593M
current process commit charge ("private bytes"): 5216M, peak: 5216M

vm_info: OpenJDK 64-Bit Server VM (11.0.11+9) for windows-amd64 JRE (11.0.11+9), built on Apr  9 2021 19:32:08 by "" with MS VC++ 15.5 (VS2017)

END.
